Audio codec mp3 channels 2 samplerate 44100 bitspersample 16
Subtitle count: 0, state: off, index: 1, delay: 0
have a nice day ;)
Audio codec mp3 channels 2 samplerate 44100 bitspersample 16
Subtitle count: 0, state: off, index: 1, delay: 0
have a nice day ;)
Audio codec mp3 channels 2 samplerate 44100 bitspersample 16
Subtitle count: 0, state: off, index: 1, delay: 0
have a nice day ;)
Audio codec mp3 channels 2 samplerate 44100 bitspersample 16
Subtitle count: 0, state: off, index: 1, delay: 0
have a nice day ;)
Audio codec mp3 channels 2 samplerate 44100 bitspersample 16
Subtitle count: 0, state: off, index: 1, delay: 0
have a nice day ;)
Audio codec mp3 channels 2 samplerate 44100 bitspersample 16
Subtitle count: 0, state: off, index: 1, delay: 0
have a nice day ;)
Audio codec mp3 channels 2 samplerate 44100 bitspersample 16
Subtitle count: 0, state: off, index: 1, delay: 0
have a nice day ;)
Audio codec mp3 channels 2 samplerate 44100 bitspersample 16
Subtitle count: 0, state: off, index: 1, delay: 0
have a nice day ;)
Audio codec mp3 channels 2 samplerate 44100 bitspersample 16
Subtitle count: 0, state: off, index: 1, delay: 0
have a nice day ;)
Audio codec mp3 channels 2 samplerate 44100 bitspersample 16
Subtitle count: 0, state: off, index: 1, delay: 0
have a nice day ;)
Audio codec mp3 channels 2 samplerate 44100 bitspersample 16
Subtitle count: 0, state: off, index: 1, delay: 0
have a nice day ;)
Audio codec mp3 channels 2 samplerate 44100 bitspersample 16
Subtitle count: 0, state: off, index: 1, delay: 0
have a nice day ;)
Audio codec mp3 channels 2 samplerate 44100 bitspersample 16
Subtitle count: 0, state: off, index: 1, delay: 0
have a nice day ;)
Audio codec mp3 channels 2 samplerate 44100 bitspersample 16
Subtitle count: 0, state: off, index: 1, delay: 0
have a nice day ;)
Audio codec mp3 channels 2 samplerate 44100 bitspersample 16
Subtitle count: 0, state: off, index: 1, delay: 0
have a nice day ;)
Audio codec mp3 channels 2 samplerate 44100 bitspersample 16
Subtitle count: 0, state: off, index: 1, delay: 0
have a nice day ;)
Audio codec mp3 channels 2 samplerate 44100 bitspersample 16
Subtitle count: 0, state: off, index: 1, delay: 0
have a nice day ;)
Audio codec mp3 channels 2 samplerate 44100 bitspersample 16
Subtitle count: 0, state: off, index: 1, delay: 0
have a nice day ;)
Audio codec mp3 channels 2 samplerate 44100 bitspersample 16
Subtitle count: 0, state: off, index: 1, delay: 0
have a nice day ;)
Audio codec mp3 channels 2 samplerate 44100 bitspersample 16
Subtitle count: 0, state: off, index: 1, delay: 0
have a nice day ;)
Audio codec mp3 channels 2 samplerate 44100 bitspersample 16
Subtitle count: 0, state: off, index: 1, delay: 0
have a nice day ;)
Audio codec mp3 channels 2 samplerate 44100 bitspersample 16
Subtitle count: 0, state: off, index: 1, delay: 0
have a nice day ;)
Audio codec mp3 channels 2 samplerate 44100 bitspersample 16
Subtitle count: 0, state: off, index: 1, delay: 0
have a nice day ;)
Audio codec mp3 channels 2 samplerate 44100 bitspersample 16
Subtitle count: 0, state: off, index: 1, delay: 0
have a nice day ;)
Audio codec mp3 channels 2 samplerate 44100 bitspersample 16
Subtitle count: 0, state: off, index: 1, delay: 0
have a nice day ;)
Audio codec mp3 channels 2 samplerate 44100 bitspersample 16
Subtitle count: 0, state: off, index: 1, delay: 0
have a nice day ;)
Audio codec mp3 channels 2 samplerate 44100 bitspersample 16
Subtitle count: 0, state: off, index: 1, delay: 0
have a nice day ;)
Audio codec mp3 channels 2 samplerate 44100 bitspersample 16
Subtitle count: 0, state: off, index: 1, delay: 0
have a nice day ;)
Audio codec mp3 channels 2 samplerate 44100 bitspersample 16
Subtitle count: 0, state: off, index: 1, delay: 0
have a nice day ;)
Audio codec mp3 channels 2 samplerate 44100 bitspersample 16
Subtitle count: 0, state: off, index: 1, delay: 0
have a nice day ;)
Audio codec mp3 channels 2 samplerate 44100 bitspersample 16
Subtitle count: 0, state: off, index: 1, delay: 0
have a nice day ;)
Audio codec mp3 channels 2 samplerate 44100 bitspersample 16
Subtitle count: 0, state: off, index: 1, delay: 0
have a nice day ;)
Audio codec mp3 channels 2 samplerate 44100 bitspersample 16
Subtitle count: 0, state: off, index: 1, delay: 0
have a nice day ;)
Audio codec mp3 channels 2 samplerate 44100 bitspersample 16
Subtitle count: 0, state: off, index: 1, delay: 0
have a nice day ;)
Audio codec mp3 channels 2 samplerate 44100 bitspersample 16
Subtitle count: 0, state: off, index: 1, delay: 0
have a nice day ;)
Audio codec mp3 channels 2 samplerate 44100 bitspersample 16
Subtitle count: 0, state: off, index: 1, delay: 0
have a nice day ;)
Audio codec mp3 channels 2 samplerate 44100 bitspersample 16
Subtitle count: 0, state: off, index: 1, delay: 0
have a nice day ;)
rc: 0
Subscribed: 1 (0,)
Received: {"EmpCName":"張倞禕","DeptNo":"MA0180","EmpNo":"200324","Uid":"3000e2008181810602550690d2d3","TagType":"E","Time":"2017/05/12 17:30"}
Time:2017/05/12 17:30  EmpNo:200324  EmpCName:張倞禕 DeptNo:MA0180
Received: {"EmpCName":"藍淑梅","DeptNo":"MA0170","EmpNo":"200245","Uid":"3000e2008181810602540780cb5c","TagType":"E","Time":"2017/05/12 17:30"}
Time:2017/05/12 17:30  EmpNo:200245  EmpCName:藍淑梅 DeptNo:MA0170
Received: {"EmpCName":"張德華","DeptNo":"AT0110","EmpNo":"200096","Uid":"3000e20081818106025513608caa","TagType":"E","Time":"2017/05/12 17:32"}
Time:2017/05/12 17:32  EmpNo:200096  EmpCName:張德華 DeptNo:AT0110
Received: {"EmpCName":"鄧智萍","DeptNo":"AT0110","EmpNo":"200099","Uid":"3000e20081818106025513708cab","TagType":"E","Time":"2017/05/12 17:32"}
Time:2017/05/12 17:32  EmpNo:200099  EmpCName:鄧智萍 DeptNo:AT0110
Received: {"EmpCName":"黃慶鴻","DeptNo":"MA0170","EmpNo":"200325","Uid":"3000e2008181810602550710cf21","TagType":"E","Time":"2017/05/12 17:32"}
Time:2017/05/12 17:32  EmpNo:200325  EmpCName:黃慶鴻 DeptNo:MA0170
Received: {"EmpCName":"張世良","DeptNo":"MA0150","EmpNo":"200206","Uid":"3000e2008181810602541140a6bc","TagType":"E","Time":"2017/05/12 17:35"}
Time:2017/05/12 17:35  EmpNo:200206  EmpCName:張世良 DeptNo:MA0150
Received: {"EmpCName":"陳光磊","DeptNo":"MA0160","EmpNo":"200265","Uid":"3000e2008181810602540600d9ee","TagType":"E","Time":"2017/05/12 17:35"}
Time:2017/05/12 17:35  EmpNo:200265  EmpCName:陳光磊 DeptNo:MA0160
Received: {"EmpCName":"郭珮渝","DeptNo":"AT0110","EmpNo":"200345","Uid":"3000e2008181810602541020b368","TagType":"E","Time":"2017/05/12 17:35"}
Time:2017/05/12 17:35  EmpNo:200345  EmpCName:郭珮渝 DeptNo:AT0110
Received: {"EmpCName":"吳國炎","DeptNo":"MA0150","EmpNo":"200184","Uid":"3000e2008181810602541050af3b","TagType":"E","Time":"2017/05/12 17:35"}
Time:2017/05/12 17:35  EmpNo:200184  EmpCName:吳國炎 DeptNo:MA0150
Received: {"EmpCName":"陳智凱","DeptNo":"AT0130","EmpNo":"200249","Uid":"3000e2008181810602551410884b","TagType":"E","Time":"2017/05/12 17:36"}
Time:2017/05/12 17:36  EmpNo:200249  EmpCName:陳智凱 DeptNo:AT0130
Received: {"EmpCName":"陳勇志","DeptNo":"PD0110","EmpNo":"200307","Uid":"3000e2008181810602550830c3a1","TagType":"E","Time":"2017/05/12 17:36"}
Time:2017/05/12 17:36  EmpNo:200307  EmpCName:陳勇志 DeptNo:PD0110
Received: {"EmpCName":"李政漢","DeptNo":"DE0130","EmpNo":"200205","Uid":"3000e2008181810602540680d2ce","TagType":"E","Time":"2017/05/12 17:36"}
Time:2017/05/12 17:36  EmpNo:200205  EmpCName:李政漢 DeptNo:DE0130
Received: {"EmpCName":"梁偉貞","DeptNo":"DE0130","EmpNo":"200258","Uid":"3000e2008181810602540760cb5a","TagType":"E","Time":"2017/05/12 17:36"}
Time:2017/05/12 17:36  EmpNo:200258  EmpCName:梁偉貞 DeptNo:DE0130
Received: {"EmpCName":"伍崇和","DeptNo":"PM0270","EmpNo":"200120","Uid":"3000e2008181810602540970b78b","TagType":"E","Time":"2017/05/12 17:37"}
Time:2017/05/12 17:37  EmpNo:200120  EmpCName:伍崇和 DeptNo:PM0270
Received: {"EmpCName":"郭珮渝","DeptNo":"AT0110","EmpNo":"200345","Uid":"3000e2008181810602541020b368","TagType":"E","Time":"2017/05/12 17:37"}
Time:2017/05/12 17:37  EmpNo:200345  EmpCName:郭珮渝 DeptNo:AT0110
Received: {"EmpCName":"黃慶鴻","DeptNo":"MA0170","EmpNo":"200325","Uid":"3000e2008181810602550710cf21","TagType":"E","Time":"2017/05/12 17:37"}
Time:2017/05/12 17:37  EmpNo:200325  EmpCName:黃慶鴻 DeptNo:MA0170
Received: {"EmpCName":"莊昭宏","DeptNo":"MA0150","EmpNo":"200347","Uid":"3000e20081818106025412009e1e","TagType":"E","Time":"2017/05/12 17:38"}
Time:2017/05/12 17:38  EmpNo:200347  EmpCName:莊昭宏 DeptNo:MA0150
Received: {"EmpCName":"郭珮渝","DeptNo":"AT0110","EmpNo":"200345","Uid":"3000e2008181810602541020b368","TagType":"E","Time":"2017/05/12 17:38"}
Time:2017/05/12 17:38  EmpNo:200345  EmpCName:郭珮渝 DeptNo:AT0110
Received: {"EmpCName":"吳亞勳","DeptNo":"MA0180","EmpNo":"200277","Uid":"3000e2008181810602550620d9f4","TagType":"E","Time":"2017/05/12 17:40"}
Time:2017/05/12 17:40  EmpNo:200277  EmpCName:吳亞勳 DeptNo:MA0180
Received: {"EmpCName":"吳亞勳","DeptNo":"MA0180","EmpNo":"200277","Uid":"3000e2008181810602550620d9f4","TagType":"E","Time":"2017/05/12 17:42"}
Time:2017/05/12 17:42  EmpNo:200277  EmpCName:吳亞勳 DeptNo:MA0180
Received: {"EmpCName":"彭志光","DeptNo":"AU0110","EmpNo":"200073","Uid":"3000e2008181810602540870bfa5","TagType":"E","Time":"2017/05/12 17:42"}
Time:2017/05/12 17:42  EmpNo:200073  EmpCName:彭志光 DeptNo:AU0110
Received: {"EmpCName":"張延凱","DeptNo":"AT0130","EmpNo":"200280","Uid":"3000e2003028630c01161900500d","TagType":"E","Time":"2017/05/12 17:43"}
Time:2017/05/12 17:43  EmpNo:200280  EmpCName:張延凱 DeptNo:AT0130
Received: {"EmpCName":"張雅婷","DeptNo":"MA0180","EmpNo":"200353","Uid":"3000e2008181810602550760cb5e","TagType":"E","Time":"2017/05/12 17:44"}
Time:2017/05/12 17:44  EmpNo:200353  EmpCName:張雅婷 DeptNo:MA0180
Received: {"EmpCName":"呂文崇","DeptNo":"PM0230","EmpNo":"200106","Uid":"3000e2008181810602540920bb9e","TagType":"E","Time":"2017/05/12 17:46"}
Time:2017/05/12 17:46  EmpNo:200106  EmpCName:呂文崇 DeptNo:PM0230
Received: {"EmpCName":"周百堯","DeptNo":"AT0110","EmpNo":"200100","Uid":"3000e20081818106025513908849","TagType":"E","Time":"2017/05/12 17:47"}
Time:2017/05/12 17:47  EmpNo:200100  EmpCName:周百堯 DeptNo:AT0110
Received: {"EmpCName":"蔡心怡","DeptNo":"MA0110","EmpNo":"200078","Uid":"3000e2008181810602541110a6b9","TagType":"E","Time":"2017/05/12 17:54"}
Time:2017/05/12 17:54  EmpNo:200078  EmpCName:蔡心怡 DeptNo:MA0110
Received: {"EmpCName":"黃慶鴻","DeptNo":"MA0170","EmpNo":"200325","Uid":"3000e2008181810602550710cf21","TagType":"E","Time":"2017/05/12 17:57"}
Time:2017/05/12 17:57  EmpNo:200325  EmpCName:黃慶鴻 DeptNo:MA0170
Received: {"EmpCName":"曾成訓","DeptNo":"AT0130","EmpNo":"200334","Uid":"3000e2005011040f01011740613f","TagType":"E","Time":"2017/05/12 18:03"}
Time:2017/05/12 18:03  EmpNo:200334  EmpCName:曾成訓 DeptNo:AT0130
Received: {"EmpCName":"曾成訓","DeptNo":"AT0130","EmpNo":"200334","Uid":"3000e2005011040f01011740613f","TagType":"E","Time":"2017/05/12 18:04"}
Time:2017/05/12 18:04  EmpNo:200334  EmpCName:曾成訓 DeptNo:AT0130
Received: {"EmpCName":"莊文達","DeptNo":"PM0270","EmpNo":"200171","Uid":"3000e2008181810602540620d9f0","TagType":"E","Time":"2017/05/12 18:08"}
Time:2017/05/12 18:08  EmpNo:200171  EmpCName:莊文達 DeptNo:PM0270
Received: {"EmpCName":"張世良","DeptNo":"MA0150","EmpNo":"200206","Uid":"3000e2008181810602541140a6bc","TagType":"E","Time":"2017/05/12 18:10"}
Time:2017/05/12 18:10  EmpNo:200206  EmpCName:張世良 DeptNo:MA0150
Received: {"EmpCName":"許世杰","DeptNo":"GE0000","EmpNo":"200020","Uid":"3000e2008181810602540860c3a0","TagType":"E","Time":"2017/05/12 18:17"}
Time:2017/05/12 18:17  EmpNo:200020  EmpCName:許世杰 DeptNo:GE0000
Received: {"EmpCName":"許世杰","DeptNo":"GE0000","EmpNo":"200020","Uid":"3000e2008181810602540860c3a0","TagType":"E","Time":"2017/05/12 18:18"}
Time:2017/05/12 18:18  EmpNo:200020  EmpCName:許世杰 DeptNo:GE0000
Received: {"EmpCName":"李季錞","DeptNo":"MA0150","EmpNo":"200310","Uid":"3000300833b2ddd9014000000000","TagType":"E","Time":"2017/05/12 18:20"}
Time:2017/05/12 18:20  EmpNo:200310  EmpCName:李季錞 DeptNo:MA0150
Received: {"EmpCName":"陳勇志","DeptNo":"PD0110","EmpNo":"200307","Uid":"3000e2008181810602550830c3a1","TagType":"E","Time":"2017/05/12 18:25"}
Time:2017/05/12 18:25  EmpNo:200307  EmpCName:陳勇志 DeptNo:PD0110
Received: {"EmpCName":"吳亞勳","DeptNo":"MA0180","EmpNo":"200277","Uid":"3000e2008181810602550620d9f4","TagType":"E","Time":"2017/05/12 18:26"}
Time:2017/05/12 18:26  EmpNo:200277  EmpCName:吳亞勳 DeptNo:MA0180
Received: {"EmpCName":"吳亞勳","DeptNo":"MA0180","EmpNo":"200277","Uid":"3000e2008181810602550620d9f4","TagType":"E","Time":"2017/05/12 18:27"}
Time:2017/05/12 18:27  EmpNo:200277  EmpCName:吳亞勳 DeptNo:MA0180
Received: {"EmpCName":"吳亞勳","DeptNo":"MA0180","EmpNo":"200277","Uid":"3000e2008181810602550620d9f4","TagType":"E","Time":"2017/05/12 18:28"}Audio codec mp3 channels 2 samplerate 44100 bitspersample 16
Subtitle count: 0, state: off, index: 1, delay: 0
have a nice day ;)
Audio codec mp3 channels 2 samplerate 44100 bitspersample 16
Subtitle count: 0, state: off, index: 1, delay: 0
have a nice day ;)
Audio codec mp3 channels 2 samplerate 44100 bitspersample 16
Subtitle count: 0, state: off, index: 1, delay: 0
have a nice day ;)
Audio codec mp3 channels 2 samplerate 44100 bitspersample 16
Subtitle count: 0, state: off, index: 1, delay: 0
have a nice day ;)
Audio codec mp3 channels 2 samplerate 44100 bitspersample 16
Subtitle count: 0, state: off, index: 1, delay: 0
have a nice day ;)
Audio codec mp3 channels 2 samplerate 44100 bitspersample 16
Subtitle count: 0, state: off, index: 1, delay: 0
have a nice day ;)
Audio codec mp3 channels 2 samplerate 44100 bitspersample 16
Subtitle count: 0, state: off, index: 1, delay: 0
have a nice day ;)
Audio codec mp3 channels 2 samplerate 44100 bitspersample 16
Subtitle count: 0, state: off, index: 1, delay: 0
have a nice day ;)
Audio codec mp3 channels 2 samplerate 44100 bitspersample 16
Subtitle count: 0, state: off, index: 1, delay: 0
have a nice day ;)
Audio codec mp3 channels 2 samplerate 44100 bitspersample 16
Subtitle count: 0, state: off, index: 1, delay: 0
have a nice day ;)
Audio codec mp3 channels 2 samplerate 44100 bitspersample 16
Subtitle count: 0, state: off, index: 1, delay: 0
have a nice day ;)
Audio codec mp3 channels 2 samplerate 44100 bitspersample 16
Subtitle count: 0, state: off, index: 1, delay: 0
have a nice day ;)
Audio codec mp3 channels 2 samplerate 44100 bitspersample 16
Subtitle count: 0, state: off, index: 1, delay: 0
have a nice day ;)
Audio codec mp3 channels 2 samplerate 44100 bitspersample 16
Subtitle count: 0, state: off, index: 1, delay: 0
have a nice day ;)
Audio codec mp3 channels 2 samplerate 44100 bitspersample 16
Subtitle count: 0, state: off, index: 1, delay: 0
have a nice day ;)
Audio codec mp3 channels 2 samplerate 44100 bitspersample 16
Subtitle count: 0, state: off, index: 1, delay: 0
have a nice day ;)
Audio codec mp3 channels 2 samplerate 44100 bitspersample 16
Subtitle count: 0, state: off, index: 1, delay: 0
have a nice day ;)
Audio codec mp3 channels 2 samplerate 44100 bitspersample 16
Subtitle count: 0, state: off, index: 1, delay: 0
have a nice day ;)
Audio codec mp3 channels 2 samplerate 44100 bitspersample 16
Subtitle count: 0, state: off, index: 1, delay: 0
have a nice day ;)
Audio codec mp3 channels 2 samplerate 44100 bitspersample 16
Subtitle count: 0, state: off, index: 1, delay: 0
have a nice day ;)
Audio codec mp3 channels 2 samplerate 44100 bitspersample 16
Subtitle count: 0, state: off, index: 1, delay: 0
have a nice day ;)
Audio codec mp3 channels 2 samplerate 44100 bitspersample 16
Subtitle count: 0, state: off, index: 1, delay: 0
have a nice day ;)
Audio codec mp3 channels 2 samplerate 44100 bitspersample 16
Subtitle count: 0, state: off, index: 1, delay: 0
have a nice day ;)
Audio codec mp3 channels 2 samplerate 44100 bitspersample 16
Subtitle count: 0, state: off, index: 1, delay: 0
have a nice day ;)
Audio codec mp3 channels 2 samplerate 44100 bitspersample 16
Subtitle count: 0, state: off, index: 1, delay: 0
have a nice day ;)
Audio codec mp3 channels 2 samplerate 44100 bitspersample 16
Subtitle count: 0, state: off, index: 1, delay: 0
have a nice day ;)
Audio codec mp3 channels 2 samplerate 44100 bitspersample 16
Subtitle count: 0, state: off, index: 1, delay: 0
have a nice day ;)
Audio codec mp3 channels 2 samplerate 44100 bitspersample 16
Subtitle count: 0, state: off, index: 1, delay: 0
have a nice day ;)
Audio codec mp3 channels 2 samplerate 44100 bitspersample 16
Subtitle count: 0, state: off, index: 1, delay: 0
have a nice day ;)
Audio codec mp3 channels 2 samplerate 44100 bitspersample 16
Subtitle count: 0, state: off, index: 1, delay: 0
have a nice day ;)
Audio codec mp3 channels 2 samplerate 44100 bitspersample 16
Subtitle count: 0, state: off, index: 1, delay: 0
have a nice day ;)
Audio codec mp3 channels 2 samplerate 44100 bitspersample 16
Subtitle count: 0, state: off, index: 1, delay: 0
have a nice day ;)
Audio codec mp3 channels 2 samplerate 44100 bitspersample 16
Subtitle count: 0, state: off, index: 1, delay: 0
have a nice day ;)
Audio codec mp3 channels 2 samplerate 44100 bitspersample 16
Subtitle count: 0, state: off, index: 1, delay: 0
have a nice day ;)
Audio codec mp3 channels 2 samplerate 44100 bitspersample 16
Subtitle count: 0, state: off, index: 1, delay: 0
have a nice day ;)
Audio codec mp3 channels 2 samplerate 44100 bitspersample 16
Subtitle count: 0, state: off, index: 1, delay: 0
have a nice day ;)
Audio codec mp3 channels 2 samplerate 44100 bitspersample 16
Subtitle count: 0, state: off, index: 1, delay: 0
have a nice day ;)
Audio codec mp3 channels 2 samplerate 44100 bitspersample 16
Subtitle count: 0, state: off, index: 1, delay: 0
have a nice day ;)

Time:2017/05/12 18:28  EmpNo:200277  EmpCName:吳亞勳 DeptNo:MA0180
Received: {"EmpCName":"蘇琬稜","DeptNo":"MA0130","EmpNo":"200268","Uid":"3000e2008181810602541000b366","TagType":"E","Time":"2017/05/12 18:29"}
Time:2017/05/12 18:29  EmpNo:200268  EmpCName:蘇琬稜 DeptNo:MA0130
Received: {"EmpCName":"龔執豪","DeptNo":"GE0000","EmpNo":"200002","Uid":"3000e2003028680b018213209020","TagType":"E","Time":"2017/05/12 18:29"}
Time:2017/05/12 18:29  EmpNo:200002  EmpCName:龔執豪 DeptNo:GE0000
Received: {"EmpCName":"黎俊汶","DeptNo":"MA0130","EmpNo":"200133","Uid":"3080e20081818106025411909e1d","TagType":"E","Time":"2017/05/12 18:30"}
Time:2017/05/12 18:30  EmpNo:200133  EmpCName:黎俊汶 DeptNo:MA0130
Received: {"EmpCName":"曾成訓","DeptNo":"AT0130","EmpNo":"200334","Uid":"3000e2005011040f01011740613f","TagType":"E","Time":"2017/05/12 18:31"}
Time:2017/05/12 18:31  EmpNo:200334  EmpCName:曾成訓 DeptNo:AT0130
Received: {"EmpCName":"陳浩民","DeptNo":"PD0120","EmpNo":"200271","Uid":"3000e2008181810602540630d669","TagType":"E","Time":"2017/05/12 18:39"}
Time:2017/05/12 18:39  EmpNo:200271  EmpCName:陳浩民 DeptNo:PD0120
Received: {"EmpCName":"鍾戌彥","DeptNo":"DE0110","EmpNo":"200348","Uid":"3000e2008181810602550770cb5f","TagType":"E","Time":"2017/05/12 18:41"}
Time:2017/05/12 18:41  EmpNo:200348  EmpCName:鍾戌彥 DeptNo:DE0110
Received: {"EmpCName":"徐嘉康","DeptNo":"DE0110","EmpNo":"200148","Uid":"3000e20041027202006022802938","TagType":"E","Time":"2017/05/12 18:45"}
Time:2017/05/12 18:45  EmpNo:200148  EmpCName:徐嘉康 DeptNo:DE0110
Received: {"EmpCName":"林建中","DeptNo":"MA0160","EmpNo":"200199","Uid":"3000e2008181810602540740cf20","TagType":"E","Time":"2017/05/12 18:47"}
Time:2017/05/12 18:47  EmpNo:200199  EmpCName:林建中 DeptNo:MA0160
Received: {"EmpCName":"鍾戌彥","DeptNo":"DE0110","EmpNo":"200348","Uid":"3000e2008181810602550770cb5f","TagType":"E","Time":"2017/05/12 18:48"}
Time:2017/05/12 18:48  EmpNo:200348  EmpCName:鍾戌彥 DeptNo:DE0110
Received: {"EmpCName":"蘇琬稜","DeptNo":"MA0130","EmpNo":"200268","Uid":"3000e2008181810602541000b366","TagType":"E","Time":"2017/05/12 18:54"}
Time:2017/05/12 18:54  EmpNo:200268  EmpCName:蘇琬稜 DeptNo:MA0130
Received: {"EmpCName":"蘇琬稜","DeptNo":"MA0130","EmpNo":"200268","Uid":"3000e2008181810602541000b366","TagType":"E","Time":"2017/05/12 18:55"}
Time:2017/05/12 18:55  EmpNo:200268  EmpCName:蘇琬稜 DeptNo:MA0130
Received: {"EmpCName":"郭芝伊","DeptNo":"MA0180","EmpNo":"200121","Uid":"3000e2008181810602540790c781","TagType":"E","Time":"2017/05/12 18:55"}
Time:2017/05/12 18:55  EmpNo:200121  EmpCName:郭芝伊 DeptNo:MA0180
Received: {"EmpCName":"郭芝伊","DeptNo":"MA0180","EmpNo":"200121","Uid":"3000e2008181810602540790c781","TagType":"E","Time":"2017/05/12 18:55"}
Time:2017/05/12 18:55  EmpNo:200121  EmpCName:郭芝伊 DeptNo:MA0180
Received: {"EmpCName":"郭芝伊","DeptNo":"MA0180","EmpNo":"200121","Uid":"3000e2008181810602540790c781","TagType":"E","Time":"2017/05/12 18:55"}
Time:2017/05/12 18:55  EmpNo:200121  EmpCName:郭芝伊 DeptNo:MA0180
Received: {"EmpCName":"郭芝伊","DeptNo":"MA0180","EmpNo":"200121","Uid":"3000e2008181810602540790c781","TagType":"E","Time":"2017/05/12 18:55"}
Time:2017/05/12 18:55  EmpNo:200121  EmpCName:郭芝伊 DeptNo:MA0180
Received: {"EmpCName":"郭芝伊","DeptNo":"MA0180","EmpNo":"200121","Uid":"3000e2008181810602540790c781","TagType":"E","Time":"2017/05/12 18:55"}
Time:2017/05/12 18:55  EmpNo:200121  EmpCName:郭芝伊 DeptNo:MA0180
Received: {"EmpCName":"郭芝伊","DeptNo":"MA0180","EmpNo":"200121","Uid":"3000e2008181810602540790c781","TagType":"E","Time":"2017/05/12 18:55"}
Time:2017/05/12 18:55  EmpNo:200121  EmpCName:郭芝伊 DeptNo:MA0180
Received: {"EmpCName":"郭芝伊","DeptNo":"MA0180","EmpNo":"200121","Uid":"3000e2008181810602540790c781","TagType":"E","Time":"2017/05/12 18:55"}
Time:2017/05/12 18:55  EmpNo:200121  EmpCName:郭芝伊 DeptNo:MA0180
Received: {"EmpCName":"段秋月","DeptNo":"DE0110","EmpNo":"200358","Uid":"3000e2008181810602551070ab01","TagType":"E","Time":"2017/05/12 18:56"}
Time:2017/05/12 18:56  EmpNo:200358  EmpCName:段秋月 DeptNo:DE0110
Received: {"EmpCName":"許世杰","DeptNo":"GE0000","EmpNo":"200020","Uid":"3000e2008181810602540860c3a0","TagType":"E","Time":"2017/05/12 19:06"}
Time:2017/05/12 19:06  EmpNo:200020  EmpCName:許世杰 DeptNo:GE0000
Received: {"EmpCName":"王立安","DeptNo":"DE0110","EmpNo":"200351","Uid":"3000e2008181810602550730cf23","TagType":"E","Time":"2017/05/12 19:07"}
Time:2017/05/12 19:07  EmpNo:200351  EmpCName:王立安 DeptNo:DE0110
Received: {"EmpCName":"朱得銘","DeptNo":"MA0150","EmpNo":"200332","Uid":"3000e2008181810602541130a6bb","TagType":"E","Time":"2017/05/12 19:08"}
Time:2017/05/12 19:08  EmpNo:200332  EmpCName:朱得銘 DeptNo:MA0150
Received: {"EmpCName":"張義諺","DeptNo":"MA0160","EmpNo":"200317","Uid":"3000e2008181810602550720cf22","TagType":"E","Time":"2017/05/12 19:11"}
Time:2017/05/12 19:11  EmpNo:200317  EmpCName:張義諺 DeptNo:MA0160
Received: {"EmpCName":"龔執豪","DeptNo":"GE0000","EmpNo":"200002","Uid":"3000e2003028680b018213209020","TagType":"E","Time":"2017/05/12 20:20"}
Time:2017/05/12 20:20  EmpNo:200002  EmpCName:龔執豪 DeptNo:GE0000
Received: {"EmpCName":"龔執豪","DeptNo":"GE0000","EmpNo":"200002","Uid":"3000e2003028680b018213209020","TagType":"E","Time":"2017/05/12 20:25"}
Time:2017/05/12 20:25  EmpNo:200002  EmpCName:龔執豪 DeptNo:GE0000
Received: {"EmpCName":"張德華","DeptNo":"AT0110","EmpNo":"200096","Uid":"3000e20081818106025513608caa","TagType":"E","Time":"2017/05/15 07:51"}
Time:2017/05/15 07:51  EmpNo:200096  EmpCName:張德華 DeptNo:AT0110
Received: {"EmpCName":"張德華","DeptNo":"AT0110","EmpNo":"200096","Uid":"3000e20081818106025513608caa","TagType":"E","Time":"2017/05/15 07:55"}
Time:2017/05/15 07:55  EmpNo:200096  EmpCName:張德華 DeptNo:AT0110
Received: {"EmpCName":"蔡宗霖","DeptNo":"MA0130","EmpNo":"200215","Uid":"3000e2008181810602541120a6ba","TagType":"E","Time":"2017/05/15 08:11"}
Time:2017/05/15 08:11  EmpNo:200215  EmpCName:蔡宗霖 DeptNo:MA0130
Received: {"EmpCName":"鍾戌彥","DeptNo":"DE0110","EmpNo":"200348","Uid":"3000e2008181810602550770cb5f","TagType":"E","Time":"2017/05/15 08:23"}
Time:2017/05/15 08:23  EmpNo:200348  EmpCName:鍾戌彥 DeptNo:DE0110
Received: {"EmpCName":"黎俊汶","DeptNo":"MA0130","EmpNo":"200133","Uid":"3080e20081818106025411909e1d","TagType":"E","Time":"2017/05/15 08:23"}
Time:2017/05/15 08:23  EmpNo:200133  EmpCName:黎俊汶 DeptNo:MA0130
Received: {"EmpCName":"黎俊汶","DeptNo":"MA0130","EmpNo":"200133","Uid":"3080e20081818106025411909e1d","TagType":"E","Time":"2017/05/15 08:24"}
Time:2017/05/15 08:24  EmpNo:200133  EmpCName:黎俊汶 DeptNo:MA0130
Received: {"EmpCName":"曾成訓","DeptNo":"AT0130","EmpNo":"200334","Uid":"3000e2005011040f01011740613f","TagType":"E","Time":"2017/05/15 08:27"}
Time:2017/05/15 08:27  EmpNo:200334  EmpCName:曾成訓 DeptNo:AT0130
Received: {"EmpCName":"郭珮渝","DeptNo":"AT0110","EmpNo":"200345","Uid":"3000e2008181810602541020b368","TagType":"E","Time":"2017/05/15 08:28"}
Time:2017/05/15 08:28  EmpNo:200345  EmpCName:郭珮渝 DeptNo:AT0110
Received: {"EmpCName":"段秋月","DeptNo":"DE0110","EmpNo":"200358","Uid":"3000e2008181810602551070ab01","TagType":"E","Time":"2017/05/15 08:32"}
Time:2017/05/15 08:32  EmpNo:200358  EmpCName:段秋月 DeptNo:DE0110
Received: {"EmpCName":"張德華","DeptNo":"AT0110","EmpNo":"200096","Uid":"3000e20081818106025513608caa","TagType":"E","Time":"2017/05/15 08:41"}
Time:2017/05/15 08:41  EmpNo:200096  EmpCName:張德華 DeptNo:AT0110
Received: {"EmpCName":"莊昭宏","DeptNo":"MA0150","EmpNo":"200347","Uid":"3000e20081818106025412009e1e","TagType":"E","Time":"2017/05/15 08:49"}
Time:2017/05/15 08:49  EmpNo:200347  EmpCName:莊昭宏 DeptNo:MA0150
Received: {"EmpCName":"洪珮榕","DeptNo":"MA0110","EmpNo":"200094","Uid":"3000e2005011040f02781790606b","TagType":"E","Time":"2017/05/15 08:56"}
Time:2017/05/15 08:56  EmpNo:200094  EmpCName:洪珮榕 DeptNo:MA0110
Received: {"EmpCName":"徐嘉康","DeptNo":"DE0110","EmpNo":"200148","Uid":"3000e20041027202006022802938","TagType":"E","Time":"2017/05/15 09:04"}Audio codec mp3 channels 2 samplerate 44100 bitspersample 16
Subtitle count: 0, state: off, index: 1, delay: 0
have a nice day ;)
Audio codec mp3 channels 2 samplerate 44100 bitspersample 16
Subtitle count: 0, state: off, index: 1, delay: 0
have a nice day ;)
Audio codec mp3 channels 2 samplerate 44100 bitspersample 16
Subtitle count: 0, state: off, index: 1, delay: 0
have a nice day ;)
Audio codec mp3 channels 2 samplerate 44100 bitspersample 16
Subtitle count: 0, state: off, index: 1, delay: 0
have a nice day ;)
Audio codec mp3 channels 2 samplerate 44100 bitspersample 16
Subtitle count: 0, state: off, index: 1, delay: 0
have a nice day ;)
Audio codec mp3 channels 2 samplerate 44100 bitspersample 16
Subtitle count: 0, state: off, index: 1, delay: 0
have a nice day ;)
Audio codec mp3 channels 2 samplerate 44100 bitspersample 16
Subtitle count: 0, state: off, index: 1, delay: 0
have a nice day ;)
Audio codec mp3 channels 2 samplerate 44100 bitspersample 16
Subtitle count: 0, state: off, index: 1, delay: 0
have a nice day ;)
Audio codec mp3 channels 2 samplerate 44100 bitspersample 16
Subtitle count: 0, state: off, index: 1, delay: 0
have a nice day ;)
Audio codec mp3 channels 2 samplerate 44100 bitspersample 16
Subtitle count: 0, state: off, index: 1, delay: 0
have a nice day ;)
Audio codec mp3 channels 2 samplerate 44100 bitspersample 16
Subtitle count: 0, state: off, index: 1, delay: 0
have a nice day ;)
Audio codec mp3 channels 2 samplerate 44100 bitspersample 16
Subtitle count: 0, state: off, index: 1, delay: 0
have a nice day ;)
Audio codec mp3 channels 2 samplerate 44100 bitspersample 16
Subtitle count: 0, state: off, index: 1, delay: 0
have a nice day ;)
Audio codec mp3 channels 2 samplerate 44100 bitspersample 16
Subtitle count: 0, state: off, index: 1, delay: 0
have a nice day ;)
Audio codec mp3 channels 2 samplerate 44100 bitspersample 16
Subtitle count: 0, state: off, index: 1, delay: 0
have a nice day ;)
Audio codec mp3 channels 2 samplerate 44100 bitspersample 16
Subtitle count: 0, state: off, index: 1, delay: 0
have a nice day ;)
Audio codec mp3 channels 2 samplerate 44100 bitspersample 16
Subtitle count: 0, state: off, index: 1, delay: 0
have a nice day ;)
Audio codec mp3 channels 2 samplerate 44100 bitspersample 16
Subtitle count: 0, state: off, index: 1, delay: 0
have a nice day ;)
Audio codec mp3 channels 2 samplerate 44100 bitspersample 16
Subtitle count: 0, state: off, index: 1, delay: 0
have a nice day ;)
Audio codec mp3 channels 2 samplerate 44100 bitspersample 16
Subtitle count: 0, state: off, index: 1, delay: 0
have a nice day ;)
Audio codec mp3 channels 2 samplerate 44100 bitspersample 16
Subtitle count: 0, state: off, index: 1, delay: 0
have a nice day ;)
Audio codec mp3 channels 2 samplerate 44100 bitspersample 16
Subtitle count: 0, state: off, index: 1, delay: 0
have a nice day ;)
Audio codec mp3 channels 2 samplerate 44100 bitspersample 16
Subtitle count: 0, state: off, index: 1, delay: 0
have a nice day ;)
Audio codec mp3 channels 2 samplerate 44100 bitspersample 16
Subtitle count: 0, state: off, index: 1, delay: 0
have a nice day ;)
Audio codec mp3 channels 2 samplerate 44100 bitspersample 16
Subtitle count: 0, state: off, index: 1, delay: 0
have a nice day ;)
Audio codec mp3 channels 2 samplerate 44100 bitspersample 16
Subtitle count: 0, state: off, index: 1, delay: 0
have a nice day ;)
Audio codec mp3 channels 2 samplerate 44100 bitspersample 16
Subtitle count: 0, state: off, index: 1, delay: 0
have a nice day ;)
Audio codec mp3 channels 2 samplerate 44100 bitspersample 16
Subtitle count: 0, state: off, index: 1, delay: 0
have a nice day ;)
Audio codec mp3 channels 2 samplerate 44100 bitspersample 16
Subtitle count: 0, state: off, index: 1, delay: 0
have a nice day ;)
Audio codec mp3 channels 2 samplerate 44100 bitspersample 16
Subtitle count: 0, state: off, index: 1, delay: 0
have a nice day ;)
Audio codec mp3 channels 2 samplerate 44100 bitspersample 16
Subtitle count: 0, state: off, index: 1, delay: 0
have a nice day ;)
Audio codec mp3 channels 2 samplerate 44100 bitspersample 16
Subtitle count: 0, state: off, index: 1, delay: 0
have a nice day ;)
Audio codec mp3 channels 2 samplerate 44100 bitspersample 16
Subtitle count: 0, state: off, index: 1, delay: 0
have a nice day ;)
Audio codec mp3 channels 2 samplerate 44100 bitspersample 16
Subtitle count: 0, state: off, index: 1, delay: 0
have a nice day ;)
Audio codec mp3 channels 2 samplerate 44100 bitspersample 16
Subtitle count: 0, state: off, index: 1, delay: 0
have a nice day ;)
Audio codec mp3 channels 2 samplerate 44100 bitspersample 16
Subtitle count: 0, state: off, index: 1, delay: 0
have a nice day ;)
Audio codec mp3 channels 2 samplerate 44100 bitspersample 16
Subtitle count: 0, state: off, index: 1, delay: 0
have a nice day ;)
Audio codec mp3 channels 2 samplerate 44100 bitspersample 16
Subtitle count: 0, state: off, index: 1, delay: 0
have a nice day ;)

Time:2017/05/15 09:04  EmpNo:200148  EmpCName:徐嘉康 DeptNo:DE0110
Received: {"EmpCName":"曾成訓","DeptNo":"AT0130","EmpNo":"200334","Uid":"3000e2005011040f01011740613f","TagType":"E","Time":"2017/05/15 09:06"}
Time:2017/05/15 09:06  EmpNo:200334  EmpCName:曾成訓 DeptNo:AT0130
Received: {"EmpCName":"張德華","DeptNo":"AT0110","EmpNo":"200096","Uid":"3000e20081818106025513608caa","TagType":"E","Time":"2017/05/15 09:08"}
Time:2017/05/15 09:08  EmpNo:200096  EmpCName:張德華 DeptNo:AT0110
Received: {"EmpCName":"鄧智萍","DeptNo":"AT0110","EmpNo":"200099","Uid":"3000e20081818106025513708cab","TagType":"E","Time":"2017/05/15 09:21"}
Time:2017/05/15 09:21  EmpNo:200099  EmpCName:鄧智萍 DeptNo:AT0110
Received: {"EmpCName":"郭珮渝","DeptNo":"AT0110","EmpNo":"200345","Uid":"3000e2008181810602541020b368","TagType":"E","Time":"2017/05/15 09:22"}
Time:2017/05/15 09:22  EmpNo:200345  EmpCName:郭珮渝 DeptNo:AT0110
Received: {"EmpCName":"游佳融","DeptNo":"PD0110","EmpNo":"200294","Uid":"3000e2008181810602541150a26d","TagType":"E","Time":"2017/05/15 09:25"}
Time:2017/05/15 09:25  EmpNo:200294  EmpCName:游佳融 DeptNo:PD0110
Received: {"EmpCName":"黃慶鴻","DeptNo":"MA0170","EmpNo":"200325","Uid":"3000e2008181810602550710cf21","TagType":"E","Time":"2017/05/15 09:27"}
Time:2017/05/15 09:27  EmpNo:200325  EmpCName:黃慶鴻 DeptNo:MA0170
Received: {"EmpCName":"蔡其曄","DeptNo":"PD0130","EmpNo":"200232","Uid":"3000e2008181810602540700d2d0","TagType":"E","Time":"2017/05/15 09:43"}
Time:2017/05/15 09:43  EmpNo:200232  EmpCName:蔡其曄 DeptNo:PD0130
Received: {"EmpCName":"楊文政","DeptNo":"PM0230","EmpNo":"200336","Uid":"3000e2008181810602550840c3a2","TagType":"E","Time":"2017/05/15 09:43"}
Time:2017/05/15 09:43  EmpNo:200336  EmpCName:楊文政 DeptNo:PM0230
Received: {"EmpCName":"林建中","DeptNo":"MA0160","EmpNo":"200199","Uid":"3000e2008181810602540740cf20","TagType":"E","Time":"2017/05/15 09:49"}
Time:2017/05/15 09:49  EmpNo:200199  EmpCName:林建中 DeptNo:MA0160
Received: {"EmpCName":"蔡宗霖","DeptNo":"MA0130","EmpNo":"200215","Uid":"3000e2008181810602541120a6ba","TagType":"E","Time":"2017/05/15 09:50"}
Time:2017/05/15 09:50  EmpNo:200215  EmpCName:蔡宗霖 DeptNo:MA0130
Received: {"EmpCName":"林士哲","DeptNo":"PD0130","EmpNo":"200188","Uid":"3000e2008181810602540730cf1f","TagType":"E","Time":"2017/05/15 09:51"}
Time:2017/05/15 09:51  EmpNo:200188  EmpCName:林士哲 DeptNo:PD0130
Received: {"EmpCName":"黃慶鴻","DeptNo":"MA0170","EmpNo":"200325","Uid":"3000e2008181810602550710cf21","TagType":"E","Time":"2017/05/15 09:53"}
Time:2017/05/15 09:53  EmpNo:200325  EmpCName:黃慶鴻 DeptNo:MA0170
Received: {"EmpCName":"郭珮渝","DeptNo":"AT0110","EmpNo":"200345","Uid":"3000e2008181810602541020b368","TagType":"E","Time":"2017/05/15 09:55"}
Time:2017/05/15 09:55  EmpNo:200345  EmpCName:郭珮渝 DeptNo:AT0110
Received: {"EmpCName":"許瑞宏","DeptNo":"PD0110","EmpNo":"200354","Uid":"3000e2008181810602550970b78f","TagType":"E","Time":"2017/05/15 10:05"}
Time:2017/05/15 10:05  EmpNo:200354  EmpCName:許瑞宏 DeptNo:PD0110
Received: {"EmpCName":"鄧智萍","DeptNo":"AT0110","EmpNo":"200099","Uid":"3000e20081818106025513708cab","TagType":"E","Time":"2017/05/15 10:20"}
Time:2017/05/15 10:20  EmpNo:200099  EmpCName:鄧智萍 DeptNo:AT0110
Received: {"EmpCName":"鍾戌彥","DeptNo":"DE0110","EmpNo":"200348","Uid":"3000e2008181810602550770cb5f","TagType":"E","Time":"2017/05/15 10:24"}
Time:2017/05/15 10:24  EmpNo:200348  EmpCName:鍾戌彥 DeptNo:DE0110
Received: {"EmpCName":"蕭文鎮","DeptNo":"DE0130","EmpNo":"200141","Uid":"3000e2008181810602540830c39d","TagType":"E","Time":"2017/05/15 10:38"}
Time:2017/05/15 10:38  EmpNo:200141  EmpCName:蕭文鎮 DeptNo:DE0130
Received: {"EmpCName":"張德華","DeptNo":"AT0110","EmpNo":"200096","Uid":"3000e20081818106025513608caa","TagType":"E","Time":"2017/05/15 10:40"}
Time:2017/05/15 10:40  EmpNo:200096  EmpCName:張德華 DeptNo:AT0110
Received: {"EmpCName":"朱陳志明","DeptNo":"PM0270","EmpNo":"200339","Uid":"3000e2008181810602550810c787","TagType":"E","Time":"2017/05/15 10:42"}
Time:2017/05/15 10:42  EmpNo:200339  EmpCName:朱陳志明 DeptNo:PM0270
Received: {"EmpCName":"朱陳志明","DeptNo":"PM0270","EmpNo":"200339","Uid":"3000e2008181810602550810c787","TagType":"E","Time":"2017/05/15 10:43"}
Time:2017/05/15 10:43  EmpNo:200339  EmpCName:朱陳志明 DeptNo:PM0270
Received: {"EmpCName":"許瑞宏","DeptNo":"PD0110","EmpNo":"200354","Uid":"3000e2008181810602550970b78f","TagType":"E","Time":"2017/05/15 10:57"}
Time:2017/05/15 10:57  EmpNo:200354  EmpCName:許瑞宏 DeptNo:PD0110
Received: {"EmpCName":"許瑞宏","DeptNo":"PD0110","EmpNo":"200354","Uid":"3000e2008181810602550970b78f","TagType":"E","Time":"2017/05/15 10:59"}
Time:2017/05/15 10:59  EmpNo:200354  EmpCName:許瑞宏 DeptNo:PD0110
Received: {"EmpCName":"曾成訓","DeptNo":"AT0130","EmpNo":"200334","Uid":"3000e2005011040f01011740613f","TagType":"E","Time":"2017/05/15 10:59"}
Time:2017/05/15 10:59  EmpNo:200334  EmpCName:曾成訓 DeptNo:AT0130
Received: {"EmpCName":"李麗秋","DeptNo":"AT0110","EmpNo":"A20031","Uid":"3000e2008181810602550990b369","TagType":"E","Time":"2017/05/15 10:59"}
Time:2017/05/15 10:59  EmpNo:A20031  EmpCName:李麗秋 DeptNo:AT0110
Received: {"EmpCName":"楊敏娟","DeptNo":"PM0240","EmpNo":"200154","Uid":"3000e2008181810602540930bb9f","TagType":"E","Time":"2017/05/15 10:59"}
Time:2017/05/15 10:59  EmpNo:200154  EmpCName:楊敏娟 DeptNo:PM0240
Received: {"EmpCName":"楊敏娟","DeptNo":"PM0240","EmpNo":"200154","Uid":"3000e2008181810602540930bb9f","TagType":"E","Time":"2017/05/15 10:59"}
Time:2017/05/15 10:59  EmpNo:200154  EmpCName:楊敏娟 DeptNo:PM0240
Received: {"EmpCName":"楊敏娟","DeptNo":"PM0240","EmpNo":"200154","Uid":"3000e2008181810602540930bb9f","TagType":"E","Time":"2017/05/15 10:59"}
Time:2017/05/15 10:59  EmpNo:200154  EmpCName:楊敏娟 DeptNo:PM0240
Received: {"EmpCName":"楊敏娟","DeptNo":"PM0240","EmpNo":"200154","Uid":"3000e2008181810602540930bb9f","TagType":"E","Time":"2017/05/15 10:59"}
Time:2017/05/15 10:59  EmpNo:200154  EmpCName:楊敏娟 DeptNo:PM0240
Received: {"EmpCName":"黃慶鴻","DeptNo":"MA0170","EmpNo":"200325","Uid":"3000e2008181810602550710cf21","TagType":"E","Time":"2017/05/15 11:01"}
Time:2017/05/15 11:01  EmpNo:200325  EmpCName:黃慶鴻 DeptNo:MA0170
Received: {"EmpCName":"朱得銘","DeptNo":"MA0150","EmpNo":"200332","Uid":"3000e2008181810602541130a6bb","TagType":"E","Time":"2017/05/15 11:02"}
Time:2017/05/15 11:02  EmpNo:200332  EmpCName:朱得銘 DeptNo:MA0150
Received: {"EmpCName":"曾成訓","DeptNo":"AT0130","EmpNo":"200334","Uid":"3000e2005011040f01011740613f","TagType":"E","Time":"2017/05/15 11:05"}
Time:2017/05/15 11:05  EmpNo:200334  EmpCName:曾成訓 DeptNo:AT0130
Received: {"EmpCName":"楊敏娟","DeptNo":"PM0240","EmpNo":"200154","Uid":"3000e2008181810602540930bb9f","TagType":"E","Time":"2017/05/15 11:05"}
Time:2017/05/15 11:05  EmpNo:200154  EmpCName:楊敏娟 DeptNo:PM0240
Received: {"EmpCName":"李麗秋","DeptNo":"AT0110","EmpNo":"A20031","Uid":"3000e2008181810602550990b369","TagType":"E","Time":"2017/05/15 11:05"}
Time:2017/05/15 11:05  EmpNo:A20031  EmpCName:李麗秋 DeptNo:AT0110
Received: {"EmpCName":"鍾戌彥","DeptNo":"DE0110","EmpNo":"200348","Uid":"3000e2008181810602550770cb5f","TagType":"E","Time":"2017/05/15 11:05"}
Time:2017/05/15 11:05  EmpNo:200348  EmpCName:鍾戌彥 DeptNo:DE0110
Received: {"EmpCName":"鄧智萍","DeptNo":"AT0110","EmpNo":"200099","Uid":"3000e20081818106025513708cab","TagType":"E","Time":"2017/05/15 11:06"}
Time:2017/05/15 11:06  EmpNo:200099  EmpCName:鄧智萍 DeptNo:AT0110
Received: {"EmpCName":"廖彥慈","DeptNo":"MA0150","EmpNo":"200359","Uid":"3000e2008181810602551050af3f","TagType":"E","Time":"2017/05/15 11:08"}
Time:2017/05/15 11:08  EmpNo:200359  EmpCName:廖彥慈 DeptNo:MA0150
Received: {"EmpCName":"林國清","DeptNo":"MA0170","EmpNo":"200303","Uid":"3000e2008181810602550650d66f","TagType":"E","Time":"2017/05/15 11:09"}
Time:2017/05/15 11:09  EmpNo:200303  EmpCName:林國清 DeptNo:MA0170
Received: {"EmpCName":"林建中","DeptNo":"MA0160","EmpNo":"200199","Uid":"3000e2008181810602540740cf20","TagType":"E","Time":"2017/05/15 11:13"}Audio codec mp3 channels 2 samplerate 44100 bitspersample 16
Subtitle count: 0, state: off, index: 1, delay: 0
have a nice day ;)
Audio codec mp3 channels 2 samplerate 44100 bitspersample 16
Subtitle count: 0, state: off, index: 1, delay: 0
have a nice day ;)
Audio codec mp3 channels 2 samplerate 44100 bitspersample 16
Subtitle count: 0, state: off, index: 1, delay: 0
have a nice day ;)
Audio codec mp3 channels 2 samplerate 44100 bitspersample 16
Subtitle count: 0, state: off, index: 1, delay: 0
have a nice day ;)
Audio codec mp3 channels 2 samplerate 44100 bitspersample 16
Subtitle count: 0, state: off, index: 1, delay: 0
have a nice day ;)
Audio codec mp3 channels 2 samplerate 44100 bitspersample 16
Subtitle count: 0, state: off, index: 1, delay: 0
have a nice day ;)
Audio codec mp3 channels 2 samplerate 44100 bitspersample 16
Subtitle count: 0, state: off, index: 1, delay: 0
have a nice day ;)
Audio codec mp3 channels 2 samplerate 44100 bitspersample 16
Subtitle count: 0, state: off, index: 1, delay: 0
have a nice day ;)
Audio codec mp3 channels 2 samplerate 44100 bitspersample 16
Subtitle count: 0, state: off, index: 1, delay: 0
have a nice day ;)
Audio codec mp3 channels 2 samplerate 44100 bitspersample 16
Subtitle count: 0, state: off, index: 1, delay: 0
have a nice day ;)
Audio codec mp3 channels 2 samplerate 44100 bitspersample 16
Subtitle count: 0, state: off, index: 1, delay: 0
have a nice day ;)
Audio codec mp3 channels 2 samplerate 44100 bitspersample 16
Subtitle count: 0, state: off, index: 1, delay: 0
have a nice day ;)
Audio codec mp3 channels 2 samplerate 44100 bitspersample 16
Subtitle count: 0, state: off, index: 1, delay: 0
have a nice day ;)
Audio codec mp3 channels 2 samplerate 44100 bitspersample 16
Subtitle count: 0, state: off, index: 1, delay: 0
have a nice day ;)
Audio codec mp3 channels 2 samplerate 44100 bitspersample 16
Subtitle count: 0, state: off, index: 1, delay: 0
have a nice day ;)
Audio codec mp3 channels 2 samplerate 44100 bitspersample 16
Subtitle count: 0, state: off, index: 1, delay: 0
have a nice day ;)
Audio codec mp3 channels 2 samplerate 44100 bitspersample 16
Subtitle count: 0, state: off, index: 1, delay: 0
have a nice day ;)
Audio codec mp3 channels 2 samplerate 44100 bitspersample 16
Subtitle count: 0, state: off, index: 1, delay: 0
have a nice day ;)
Audio codec mp3 channels 2 samplerate 44100 bitspersample 16
Subtitle count: 0, state: off, index: 1, delay: 0
have a nice day ;)
Audio codec mp3 channels 2 samplerate 44100 bitspersample 16
Subtitle count: 0, state: off, index: 1, delay: 0
have a nice day ;)
Audio codec mp3 channels 2 samplerate 44100 bitspersample 16
Subtitle count: 0, state: off, index: 1, delay: 0
have a nice day ;)
Audio codec mp3 channels 2 samplerate 44100 bitspersample 16
Subtitle count: 0, state: off, index: 1, delay: 0
have a nice day ;)
Audio codec mp3 channels 2 samplerate 44100 bitspersample 16
Subtitle count: 0, state: off, index: 1, delay: 0
have a nice day ;)
Audio codec mp3 channels 2 samplerate 44100 bitspersample 16
Subtitle count: 0, state: off, index: 1, delay: 0
have a nice day ;)
Audio codec mp3 channels 2 samplerate 44100 bitspersample 16
Subtitle count: 0, state: off, index: 1, delay: 0
have a nice day ;)
Audio codec mp3 channels 2 samplerate 44100 bitspersample 16
Subtitle count: 0, state: off, index: 1, delay: 0
have a nice day ;)
Audio codec mp3 channels 2 samplerate 44100 bitspersample 16
Subtitle count: 0, state: off, index: 1, delay: 0
have a nice day ;)
Audio codec mp3 channels 2 samplerate 44100 bitspersample 16
Subtitle count: 0, state: off, index: 1, delay: 0
have a nice day ;)
Audio codec mp3 channels 2 samplerate 44100 bitspersample 16
Subtitle count: 0, state: off, index: 1, delay: 0
have a nice day ;)
Audio codec mp3 channels 2 samplerate 44100 bitspersample 16
Subtitle count: 0, state: off, index: 1, delay: 0
have a nice day ;)
Audio codec mp3 channels 2 samplerate 44100 bitspersample 16
Subtitle count: 0, state: off, index: 1, delay: 0
have a nice day ;)
Audio codec mp3 channels 2 samplerate 44100 bitspersample 16
Subtitle count: 0, state: off, index: 1, delay: 0
have a nice day ;)
Audio codec mp3 channels 2 samplerate 44100 bitspersample 16
Subtitle count: 0, state: off, index: 1, delay: 0
have a nice day ;)
Audio codec mp3 channels 2 samplerate 44100 bitspersample 16
Subtitle count: 0, state: off, index: 1, delay: 0
have a nice day ;)
Audio codec mp3 channels 2 samplerate 44100 bitspersample 16
Subtitle count: 0, state: off, index: 1, delay: 0
have a nice day ;)
Audio codec mp3 channels 2 samplerate 44100 bitspersample 16
Subtitle count: 0, state: off, index: 1, delay: 0
have a nice day ;)
Audio codec mp3 channels 2 samplerate 44100 bitspersample 16
Subtitle count: 0, state: off, index: 1, delay: 0
have a nice day ;)
Audio codec mp3 channels 2 samplerate 44100 bitspersample 16
Subtitle count: 0, state: off, index: 1, delay: 0
have a nice day ;)

Time:2017/05/15 11:13  EmpNo:200199  EmpCName:林建中 DeptNo:MA0160
Received: {"EmpCName":"李妍萍","DeptNo":"AT0120","EmpNo":"200134","Uid":"3000e2004134701001630490de09","TagType":"E","Time":"2017/05/15 11:16"}
Time:2017/05/15 11:16  EmpNo:200134  EmpCName:李妍萍 DeptNo:AT0120
Received: {"EmpCName":"曾成訓","DeptNo":"AT0130","EmpNo":"200334","Uid":"3000e2005011040f01011740613f","TagType":"E","Time":"2017/05/15 11:16"}
Time:2017/05/15 11:16  EmpNo:200334  EmpCName:曾成訓 DeptNo:AT0130
Received: {"EmpCName":"李麗秋","DeptNo":"AT0110","EmpNo":"A20031","Uid":"3000e2008181810602550990b369","TagType":"E","Time":"2017/05/15 11:16"}
Time:2017/05/15 11:16  EmpNo:A20031  EmpCName:李麗秋 DeptNo:AT0110
Received: {"EmpCName":"曾成訓","DeptNo":"AT0130","EmpNo":"200334","Uid":"3000e2005011040f01011740613f","TagType":"E","Time":"2017/05/15 11:16"}
Time:2017/05/15 11:16  EmpNo:200334  EmpCName:曾成訓 DeptNo:AT0130
Received: {"EmpCName":"曾成訓","DeptNo":"AT0130","EmpNo":"200334","Uid":"3000e2005011040f01011740613f","TagType":"E","Time":"2017/05/15 11:16"}
Time:2017/05/15 11:16  EmpNo:200334  EmpCName:曾成訓 DeptNo:AT0130
Received: {"EmpCName":"楊敏娟","DeptNo":"PM0240","EmpNo":"200154","Uid":"3000e2008181810602540930bb9f","TagType":"E","Time":"2017/05/15 11:16"}
Time:2017/05/15 11:16  EmpNo:200154  EmpCName:楊敏娟 DeptNo:PM0240
Received: {"EmpCName":"曾成訓","DeptNo":"AT0130","EmpNo":"200334","Uid":"3000e2005011040f01011740613f","TagType":"E","Time":"2017/05/15 11:16"}
Time:2017/05/15 11:16  EmpNo:200334  EmpCName:曾成訓 DeptNo:AT0130
Received: {"EmpCName":"楊敏娟","DeptNo":"PM0240","EmpNo":"200154","Uid":"3000e2008181810602540930bb9f","TagType":"E","Time":"2017/05/15 11:16"}
Time:2017/05/15 11:16  EmpNo:200154  EmpCName:楊敏娟 DeptNo:PM0240
Received: {"EmpCName":"曾成訓","DeptNo":"AT0130","EmpNo":"200334","Uid":"3000e2005011040f01011740613f","TagType":"E","Time":"2017/05/15 11:16"}
Time:2017/05/15 11:16  EmpNo:200334  EmpCName:曾成訓 DeptNo:AT0130
Received: {"EmpCName":"楊敏娟","DeptNo":"PM0240","EmpNo":"200154","Uid":"3000e2008181810602540930bb9f","TagType":"E","Time":"2017/05/15 11:16"}
Time:2017/05/15 11:16  EmpNo:200154  EmpCName:楊敏娟 DeptNo:PM0240
Received: {"EmpCName":"曾成訓","DeptNo":"AT0130","EmpNo":"200334","Uid":"3000e2005011040f01011740613f","TagType":"E","Time":"2017/05/15 11:16"}
Time:2017/05/15 11:16  EmpNo:200334  EmpCName:曾成訓 DeptNo:AT0130
Received: {"EmpCName":"楊敏娟","DeptNo":"PM0240","EmpNo":"200154","Uid":"3000e2008181810602540930bb9f","TagType":"E","Time":"2017/05/15 11:16"}
Time:2017/05/15 11:16  EmpNo:200154  EmpCName:楊敏娟 DeptNo:PM0240
Received: {"EmpCName":"曾成訓","DeptNo":"AT0130","EmpNo":"200334","Uid":"3000e2005011040f01011740613f","TagType":"E","Time":"2017/05/15 11:16"}
Time:2017/05/15 11:16  EmpNo:200334  EmpCName:曾成訓 DeptNo:AT0130
Received: {"EmpCName":"楊敏娟","DeptNo":"PM0240","EmpNo":"200154","Uid":"3000e2008181810602540930bb9f","TagType":"E","Time":"2017/05/15 11:16"}
Time:2017/05/15 11:16  EmpNo:200154  EmpCName:楊敏娟 DeptNo:PM0240
Received: {"EmpCName":"曾成訓","DeptNo":"AT0130","EmpNo":"200334","Uid":"3000e2005011040f01011740613f","TagType":"E","Time":"2017/05/15 11:16"}
Time:2017/05/15 11:16  EmpNo:200334  EmpCName:曾成訓 DeptNo:AT0130
Received: {"EmpCName":"楊敏娟","DeptNo":"PM0240","EmpNo":"200154","Uid":"3000e2008181810602540930bb9f","TagType":"E","Time":"2017/05/15 11:16"}
Time:2017/05/15 11:16  EmpNo:200154  EmpCName:楊敏娟 DeptNo:PM0240
Received: {"EmpCName":"曾成訓","DeptNo":"AT0130","EmpNo":"200334","Uid":"3000e2005011040f01011740613f","TagType":"E","Time":"2017/05/15 11:16"}
Time:2017/05/15 11:16  EmpNo:200334  EmpCName:曾成訓 DeptNo:AT0130
Received: {"EmpCName":"楊敏娟","DeptNo":"PM0240","EmpNo":"200154","Uid":"3000e2008181810602540930bb9f","TagType":"E","Time":"2017/05/15 11:16"}
Time:2017/05/15 11:16  EmpNo:200154  EmpCName:楊敏娟 DeptNo:PM0240
Received: {"EmpCName":"楊敏娟","DeptNo":"PM0240","EmpNo":"200154","Uid":"3000e2008181810602540930bb9f","TagType":"E","Time":"2017/05/15 11:16"}
Time:2017/05/15 11:16  EmpNo:200154  EmpCName:楊敏娟 DeptNo:PM0240
Received: {"EmpCName":"郭珮渝","DeptNo":"AT0110","EmpNo":"200345","Uid":"3000e2008181810602541020b368","TagType":"E","Time":"2017/05/15 11:17"}
Time:2017/05/15 11:17  EmpNo:200345  EmpCName:郭珮渝 DeptNo:AT0110
Received: {"EmpCName":"黎孟巡","DeptNo":"AT0130","EmpNo":"200296","Uid":"3000e20040008312022019404d93","TagType":"E","Time":"2017/05/15 11:18"}
Time:2017/05/15 11:18  EmpNo:200296  EmpCName:黎孟巡 DeptNo:AT0130
Received: {"EmpCName":"徐嘉康","DeptNo":"DE0110","EmpNo":"200148","Uid":"3000e20041027202006022802938","TagType":"E","Time":"2017/05/15 11:19"}
Time:2017/05/15 11:19  EmpNo:200148  EmpCName:徐嘉康 DeptNo:DE0110
Received: {"EmpCName":"李妍萍","DeptNo":"AT0120","EmpNo":"200134","Uid":"3000e2004134701001630490de09","TagType":"E","Time":"2017/05/15 11:20"}
Time:2017/05/15 11:20  EmpNo:200134  EmpCName:李妍萍 DeptNo:AT0120
Received: {"EmpCName":"徐嘉康","DeptNo":"DE0110","EmpNo":"200148","Uid":"3000e20041027202006022802938","TagType":"E","Time":"2017/05/15 11:21"}
Time:2017/05/15 11:21  EmpNo:200148  EmpCName:徐嘉康 DeptNo:DE0110
Received: {"EmpCName":"張德華","DeptNo":"AT0110","EmpNo":"200096","Uid":"3000e20081818106025513608caa","TagType":"E","Time":"2017/05/15 11:23"}
Time:2017/05/15 11:23  EmpNo:200096  EmpCName:張德華 DeptNo:AT0110
Received: {"EmpCName":"郭珮渝","DeptNo":"AT0110","EmpNo":"200345","Uid":"3000e2008181810602541020b368","TagType":"E","Time":"2017/05/15 11:25"}
Time:2017/05/15 11:25  EmpNo:200345  EmpCName:郭珮渝 DeptNo:AT0110
Received: {"EmpCName":"林士哲","DeptNo":"PD0130","EmpNo":"200188","Uid":"3000e2008181810602540730cf1f","TagType":"E","Time":"2017/05/15 11:27"}
Time:2017/05/15 11:27  EmpNo:200188  EmpCName:林士哲 DeptNo:PD0130
Received: {"EmpCName":"林士哲","DeptNo":"PD0130","EmpNo":"200188","Uid":"3000e2008181810602540730cf1f","TagType":"E","Time":"2017/05/15 11:28"}
Time:2017/05/15 11:28  EmpNo:200188  EmpCName:林士哲 DeptNo:PD0130
Received: {"EmpCName":"廖映茹","DeptNo":"MA0180","EmpNo":"200349","Uid":"3000e2008181810602550780cb60","TagType":"E","Time":"2017/05/15 11:28"}
Time:2017/05/15 11:28  EmpNo:200349  EmpCName:廖映茹 DeptNo:MA0180
Received: {"EmpCName":"廖映茹","DeptNo":"MA0180","EmpNo":"200349","Uid":"3000e2008181810602550780cb60","TagType":"E","Time":"2017/05/15 11:29"}
Time:2017/05/15 11:29  EmpNo:200349  EmpCName:廖映茹 DeptNo:MA0180
Received: {"EmpCName":"蔡心怡","DeptNo":"MA0110","EmpNo":"200078","Uid":"3000e2008181810602541110a6b9","TagType":"E","Time":"2017/05/15 11:39"}
Time:2017/05/15 11:39  EmpNo:200078  EmpCName:蔡心怡 DeptNo:MA0110
Received: {"EmpCName":"吳亞勳","DeptNo":"MA0180","EmpNo":"200277","Uid":"3000e2008181810602550620d9f4","TagType":"E","Time":"2017/05/15 11:42"}
Time:2017/05/15 11:42  EmpNo:200277  EmpCName:吳亞勳 DeptNo:MA0180
Received: {"EmpCName":"段秋月","DeptNo":"DE0110","EmpNo":"200358","Uid":"3000e2008181810602551070ab01","TagType":"E","Time":"2017/05/15 11:43"}
Time:2017/05/15 11:43  EmpNo:200358  EmpCName:段秋月 DeptNo:DE0110
Received: {"EmpCName":"段秋月","DeptNo":"DE0110","EmpNo":"200358","Uid":"3000e2008181810602551070ab01","TagType":"E","Time":"2017/05/15 11:46"}
Time:2017/05/15 11:46  EmpNo:200358  EmpCName:段秋月 DeptNo:DE0110
Received: {"EmpCName":"段秋月","DeptNo":"DE0110","EmpNo":"200358","Uid":"3000e2008181810602551070ab01","TagType":"E","Time":"2017/05/15 11:47"}
Time:2017/05/15 11:47  EmpNo:200358  EmpCName:段秋月 DeptNo:DE0110
Received: {"EmpCName":"張義諺","DeptNo":"MA0160","EmpNo":"200317","Uid":"3000e2008181810602550720cf22","TagType":"E","Time":"2017/05/15 11:54"}
Time:2017/05/15 11:54  EmpNo:200317  EmpCName:張義諺 DeptNo:MA0160
Received: {"EmpCName":"鄧智萍","DeptNo":"AT0110","EmpNo":"200099","Uid":"3000e20081818106025513708cab","TagType":"E","Time":"2017/05/15 11:56"}
Time:2017/05/15 11:56  EmpNo:200099  EmpCName:鄧智萍 DeptNo:AT0110
Received: {"EmpCName":"郭珮渝","DeptNo":"AT0110","EmpNo":"200345","Uid":"3000e2008181810602541020b368","TagType":"E","Time":"2017/05/15 12:00"}Audio codec mp3 channels 2 samplerate 44100 bitspersample 16
Subtitle count: 0, state: off, index: 1, delay: 0
have a nice day ;)
Audio codec mp3 channels 2 samplerate 44100 bitspersample 16
Subtitle count: 0, state: off, index: 1, delay: 0
have a nice day ;)
Audio codec mp3 channels 2 samplerate 44100 bitspersample 16
Subtitle count: 0, state: off, index: 1, delay: 0
have a nice day ;)
Audio codec mp3 channels 2 samplerate 44100 bitspersample 16
Subtitle count: 0, state: off, index: 1, delay: 0
have a nice day ;)
Audio codec mp3 channels 2 samplerate 44100 bitspersample 16
Subtitle count: 0, state: off, index: 1, delay: 0
have a nice day ;)
Audio codec mp3 channels 2 samplerate 44100 bitspersample 16
Subtitle count: 0, state: off, index: 1, delay: 0
have a nice day ;)
Audio codec mp3 channels 2 samplerate 44100 bitspersample 16
Subtitle count: 0, state: off, index: 1, delay: 0
have a nice day ;)
Audio codec mp3 channels 2 samplerate 44100 bitspersample 16
Subtitle count: 0, state: off, index: 1, delay: 0
have a nice day ;)
Audio codec mp3 channels 2 samplerate 44100 bitspersample 16
Subtitle count: 0, state: off, index: 1, delay: 0
have a nice day ;)
Audio codec mp3 channels 2 samplerate 44100 bitspersample 16
Subtitle count: 0, state: off, index: 1, delay: 0
have a nice day ;)
Audio codec mp3 channels 2 samplerate 44100 bitspersample 16
Subtitle count: 0, state: off, index: 1, delay: 0
have a nice day ;)
Audio codec mp3 channels 2 samplerate 44100 bitspersample 16
Subtitle count: 0, state: off, index: 1, delay: 0
have a nice day ;)
Audio codec mp3 channels 2 samplerate 44100 bitspersample 16
Subtitle count: 0, state: off, index: 1, delay: 0
have a nice day ;)
Audio codec mp3 channels 2 samplerate 44100 bitspersample 16
Subtitle count: 0, state: off, index: 1, delay: 0
have a nice day ;)
Audio codec mp3 channels 2 samplerate 44100 bitspersample 16
Subtitle count: 0, state: off, index: 1, delay: 0
have a nice day ;)
Audio codec mp3 channels 2 samplerate 44100 bitspersample 16
Subtitle count: 0, state: off, index: 1, delay: 0
have a nice day ;)
Audio codec mp3 channels 2 samplerate 44100 bitspersample 16
Subtitle count: 0, state: off, index: 1, delay: 0
have a nice day ;)
Audio codec mp3 channels 2 samplerate 44100 bitspersample 16
Subtitle count: 0, state: off, index: 1, delay: 0
have a nice day ;)
Audio codec mp3 channels 2 samplerate 44100 bitspersample 16
Subtitle count: 0, state: off, index: 1, delay: 0
have a nice day ;)
Audio codec mp3 channels 2 samplerate 44100 bitspersample 16
Subtitle count: 0, state: off, index: 1, delay: 0
have a nice day ;)
Audio codec mp3 channels 2 samplerate 44100 bitspersample 16
Subtitle count: 0, state: off, index: 1, delay: 0
have a nice day ;)
Audio codec mp3 channels 2 samplerate 44100 bitspersample 16
Subtitle count: 0, state: off, index: 1, delay: 0
have a nice day ;)
Audio codec mp3 channels 2 samplerate 44100 bitspersample 16
Subtitle count: 0, state: off, index: 1, delay: 0
have a nice day ;)
Audio codec mp3 channels 2 samplerate 44100 bitspersample 16
Subtitle count: 0, state: off, index: 1, delay: 0
have a nice day ;)
Audio codec mp3 channels 2 samplerate 44100 bitspersample 16
Subtitle count: 0, state: off, index: 1, delay: 0
have a nice day ;)
Audio codec mp3 channels 2 samplerate 44100 bitspersample 16
Subtitle count: 0, state: off, index: 1, delay: 0
have a nice day ;)
Audio codec mp3 channels 2 samplerate 44100 bitspersample 16
Subtitle count: 0, state: off, index: 1, delay: 0
have a nice day ;)
Audio codec mp3 channels 2 samplerate 44100 bitspersample 16
Subtitle count: 0, state: off, index: 1, delay: 0
have a nice day ;)
Audio codec mp3 channels 2 samplerate 44100 bitspersample 16
Subtitle count: 0, state: off, index: 1, delay: 0
have a nice day ;)
Audio codec mp3 channels 2 samplerate 44100 bitspersample 16
Subtitle count: 0, state: off, index: 1, delay: 0
have a nice day ;)
Audio codec mp3 channels 2 samplerate 44100 bitspersample 16
Subtitle count: 0, state: off, index: 1, delay: 0
have a nice day ;)
Audio codec mp3 channels 2 samplerate 44100 bitspersample 16
Subtitle count: 0, state: off, index: 1, delay: 0
have a nice day ;)
Audio codec mp3 channels 2 samplerate 44100 bitspersample 16
Subtitle count: 0, state: off, index: 1, delay: 0
have a nice day ;)
Audio codec mp3 channels 2 samplerate 44100 bitspersample 16
Subtitle count: 0, state: off, index: 1, delay: 0
have a nice day ;)
Audio codec mp3 channels 2 samplerate 44100 bitspersample 16
Subtitle count: 0, state: off, index: 1, delay: 0
have a nice day ;)
Audio codec mp3 channels 2 samplerate 44100 bitspersample 16
Subtitle count: 0, state: off, index: 1, delay: 0
have a nice day ;)
Audio codec mp3 channels 2 samplerate 44100 bitspersample 16
Subtitle count: 0, state: off, index: 1, delay: 0
have a nice day ;)

Time:2017/05/15 12:00  EmpNo:200345  EmpCName:郭珮渝 DeptNo:AT0110
Received: {"EmpCName":"張延凱","DeptNo":"AT0130","EmpNo":"200280","Uid":"3000e2003028630c01161900500d","TagType":"E","Time":"2017/05/15 12:02"}
Time:2017/05/15 12:02  EmpNo:200280  EmpCName:張延凱 DeptNo:AT0130
Received: {"EmpCName":"龔執豪","DeptNo":"GE0000","EmpNo":"200002","Uid":"3000e2003028680b018213209020","TagType":"E","Time":"2017/05/15 12:11"}
Time:2017/05/15 12:11  EmpNo:200002  EmpCName:龔執豪 DeptNo:GE0000
Received: {"EmpCName":"張延凱","DeptNo":"AT0130","EmpNo":"200280","Uid":"3000e2003028630c01161900500d","TagType":"E","Time":"2017/05/15 12:12"}
Time:2017/05/15 12:12  EmpNo:200280  EmpCName:張延凱 DeptNo:AT0130
Received: {"EmpCName":"陳奕昇","DeptNo":"AU0110","EmpNo":"200355","Uid":"3000e2008181810602550980b790","TagType":"E","Time":"2017/05/15 12:17"}
Time:2017/05/15 12:17  EmpNo:200355  EmpCName:陳奕昇 DeptNo:AU0110
Received: {"EmpCName":"吳亞勳","DeptNo":"MA0180","EmpNo":"200277","Uid":"3000e2008181810602550620d9f4","TagType":"E","Time":"2017/05/15 12:17"}
Time:2017/05/15 12:17  EmpNo:200277  EmpCName:吳亞勳 DeptNo:MA0180
Received: {"EmpCName":"蔡宗霖","DeptNo":"MA0130","EmpNo":"200215","Uid":"3000e2008181810602541120a6ba","TagType":"E","Time":"2017/05/15 12:24"}
Time:2017/05/15 12:24  EmpNo:200215  EmpCName:蔡宗霖 DeptNo:MA0130
Received: {"EmpCName":"李予善","DeptNo":"MA0170","EmpNo":"200127","Uid":"3000e2008181810602540990b365","TagType":"E","Time":"2017/05/15 12:30"}
Time:2017/05/15 12:30  EmpNo:200127  EmpCName:李予善 DeptNo:MA0170
Received: {"EmpCName":"林國清","DeptNo":"MA0170","EmpNo":"200303","Uid":"3000e2008181810602550650d66f","TagType":"E","Time":"2017/05/15 12:34"}
Time:2017/05/15 12:34  EmpNo:200303  EmpCName:林國清 DeptNo:MA0170
Received: {"EmpCName":"張德華","DeptNo":"AT0110","EmpNo":"200096","Uid":"3000e20081818106025513608caa","TagType":"E","Time":"2017/05/15 12:39"}
Time:2017/05/15 12:39  EmpNo:200096  EmpCName:張德華 DeptNo:AT0110
Received: {"EmpCName":"徐嘉康","DeptNo":"DE0110","EmpNo":"200148","Uid":"3000e20041027202006022802938","TagType":"E","Time":"2017/05/15 12:46"}
Time:2017/05/15 12:46  EmpNo:200148  EmpCName:徐嘉康 DeptNo:DE0110
Received: {"EmpCName":"徐嘉康","DeptNo":"DE0110","EmpNo":"200148","Uid":"3000e20041027202006022802938","TagType":"E","Time":"2017/05/15 12:48"}
Time:2017/05/15 12:48  EmpNo:200148  EmpCName:徐嘉康 DeptNo:DE0110
Received: {"EmpCName":"龔執豪","DeptNo":"GE0000","EmpNo":"200002","Uid":"3000e2003028680b018213209020","TagType":"E","Time":"2017/05/15 12:57"}
Time:2017/05/15 12:57  EmpNo:200002  EmpCName:龔執豪 DeptNo:GE0000
Received: {"EmpCName":"張德華","DeptNo":"AT0110","EmpNo":"200096","Uid":"3000e20081818106025513608caa","TagType":"E","Time":"2017/05/15 13:05"}
Time:2017/05/15 13:05  EmpNo:200096  EmpCName:張德華 DeptNo:AT0110
Received: {"EmpCName":"黃偉倫","DeptNo":"PD0110","EmpNo":"200350","Uid":"3000e2008181810602541180a270","TagType":"E","Time":"2017/05/15 13:07"}
Time:2017/05/15 13:07  EmpNo:200350  EmpCName:黃偉倫 DeptNo:PD0110
Received: {"EmpCName":"張延凱","DeptNo":"AT0130","EmpNo":"200280","Uid":"3000e2003028630c01161900500d","TagType":"E","Time":"2017/05/15 13:14"}
Time:2017/05/15 13:14  EmpNo:200280  EmpCName:張延凱 DeptNo:AT0130
Received: {"EmpCName":"張延凱","DeptNo":"AT0130","EmpNo":"200280","Uid":"3000e2003028630c01161900500d","TagType":"E","Time":"2017/05/15 13:17"}
Time:2017/05/15 13:17  EmpNo:200280  EmpCName:張延凱 DeptNo:AT0130
Received: {"EmpCName":"張延凱","DeptNo":"AT0130","EmpNo":"200280","Uid":"3000e2003028630c01161900500d","TagType":"E","Pepole":"1","Time":"2017/05/15 13:26"}
Time:2017/05/15 13:26  EmpNo:200280  EmpCName:張延凱 DeptNo:AT0130
Received: {"EmpCName":"許瑞宏","DeptNo":"PD0110","EmpNo":"200354","Uid":"3000e2008181810602550970b78f","TagType":"E","Time":"2017/05/15 13:29"}
Time:2017/05/15 13:29  EmpNo:200354  EmpCName:許瑞宏 DeptNo:PD0110
Received: {"EmpCName":"龐子涵","DeptNo":"PD0110","EmpNo":"200283","Uid":"3000e2008181810602541160a26e","TagType":"E","Time":"2017/05/15 13:30"}
Time:2017/05/15 13:30  EmpNo:200283  EmpCName:龐子涵 DeptNo:PD0110
Received: {"EmpCName":"張延凱","DeptNo":"AT0130","EmpNo":"200280","Uid":"3000e2003028630c01161900500d","TagType":"E","Pepole":"1","Time":"2017/05/15 13:34"}
Time:2017/05/15 13:34  EmpNo:200280  EmpCName:張延凱 DeptNo:AT0130
Received: {"EmpCName":"張延凱","DeptNo":"AT0130","EmpNo":"200280","Uid":"3000e2003028630c01161900500d","TagType":"E","Pepole":"1","Time":"2017/05/15 13:34"}
Time:2017/05/15 13:34  EmpNo:200280  EmpCName:張延凱 DeptNo:AT0130
Received: {"EmpCName":"張延凱","DeptNo":"AT0130","EmpNo":"200280","Uid":"3000e2003028630c01161900500d","TagType":"E","Pepole":"1","Time":"2017/05/15 13:34"}
Time:2017/05/15 13:34  EmpNo:200280  EmpCName:張延凱 DeptNo:AT0130
Received: {"EmpCName":"張德華","DeptNo":"AT0110","EmpNo":"200096","Uid":"3000e20081818106025513608caa","TagType":"E","Pepole":"1","Time":"2017/05/15 13:37"}
Time:2017/05/15 13:37  EmpNo:200096  EmpCName:張德華 DeptNo:AT0110
Received: {"EmpCName":"曾成訓","DeptNo":"AT0130","EmpNo":"200334","Uid":"3000e2005011040f01011740613f","TagType":"E","Pepole":"1","Time":"2017/05/15 13:38"}
Time:2017/05/15 13:38  EmpNo:200334  EmpCName:曾成訓 DeptNo:AT0130
Received: {"EmpCName":"楊敏娟","DeptNo":"PM0240","EmpNo":"200154","Uid":"3000e2008181810602540930bb9f","TagType":"E","Pepole":"3","Time":"2017/05/15 13:38"}
Time:2017/05/15 13:38  EmpNo:200154  EmpCName:楊敏娟 DeptNo:PM0240
Received: {"EmpCName":"李麗秋","DeptNo":"AT0110","EmpNo":"A20031","Uid":"3000e2008181810602550990b369","TagType":"E","Pepole":"3","Time":"2017/05/15 13:38"}
Time:2017/05/15 13:38  EmpNo:A20031  EmpCName:李麗秋 DeptNo:AT0110
Received: {"EmpCName":"楊敏娟","DeptNo":"PM0240","EmpNo":"200154","Uid":"3000e2008181810602540930bb9f","TagType":"E","Pepole":"3","Time":"2017/05/15 13:38"}
Time:2017/05/15 13:38  EmpNo:200154  EmpCName:楊敏娟 DeptNo:PM0240
Received: {"EmpCName":"楊敏娟","DeptNo":"PM0240","EmpNo":"200154","Uid":"3000e2008181810602540930bb9f","TagType":"E","Pepole":"3","Time":"2017/05/15 13:38"}
Time:2017/05/15 13:38  EmpNo:200154  EmpCName:楊敏娟 DeptNo:PM0240
Received: {"EmpCName":"楊敏娟","DeptNo":"PM0240","EmpNo":"200154","Uid":"3000e2008181810602540930bb9f","TagType":"E","Pepole":"3","Time":"2017/05/15 13:38"}
Time:2017/05/15 13:38  EmpNo:200154  EmpCName:楊敏娟 DeptNo:PM0240
Received: {"EmpCName":"楊敏娟","DeptNo":"PM0240","EmpNo":"200154","Uid":"3000e2008181810602540930bb9f","TagType":"E","Pepole":"3","Time":"2017/05/15 13:38"}
Time:2017/05/15 13:38  EmpNo:200154  EmpCName:楊敏娟 DeptNo:PM0240
Received: {"EmpCName":"楊敏娟","DeptNo":"PM0240","EmpNo":"200154","Uid":"3000e2008181810602540930bb9f","TagType":"E","Pepole":"3","Time":"2017/05/15 13:38"}
Time:2017/05/15 13:38  EmpNo:200154  EmpCName:楊敏娟 DeptNo:PM0240
Received: {"EmpCName":"楊敏娟","DeptNo":"PM0240","EmpNo":"200154","Uid":"3000e2008181810602540930bb9f","TagType":"E","Pepole":"3","Time":"2017/05/15 13:38"}
Time:2017/05/15 13:38  EmpNo:200154  EmpCName:楊敏娟 DeptNo:PM0240
Received: {"EmpCName":"楊敏娟","DeptNo":"PM0240","EmpNo":"200154","Uid":"3000e2008181810602540930bb9f","TagType":"E","Pepole":"3","Time":"2017/05/15 13:38"}
Time:2017/05/15 13:38  EmpNo:200154  EmpCName:楊敏娟 DeptNo:PM0240
Received: {"EmpCName":"楊敏娟","DeptNo":"PM0240","EmpNo":"200154","Uid":"3000e2008181810602540930bb9f","TagType":"E","Pepole":"3","Time":"2017/05/15 13:38"}
Time:2017/05/15 13:38  EmpNo:200154  EmpCName:楊敏娟 DeptNo:PM0240
Received: {"EmpCName":"楊敏娟","DeptNo":"PM0240","EmpNo":"200154","Uid":"3000e2008181810602540930bb9f","TagType":"E","Pepole":"3","Time":"2017/05/15 13:38"}
Time:2017/05/15 13:38  EmpNo:200154  EmpCName:楊敏娟 DeptNo:PM0240
Received: {"EmpCName":"楊敏娟","DeptNo":"PM0240","EmpNo":"200154","Uid":"3000e2008181810602540930bb9f","TagType":"E","Pepole":"3","Time":"2017/05/15 13:38"}
Time:2017/05/15 13:38  EmpNo:200154  EmpCName:楊敏娟 DeptNo:PM0240
Received: {"EmpCName":"楊敏娟","DeptNo":"PM0240","EmpNo":"200154","Uid":"3000e2008181810602540930bb9f","TagType":"E","Pepole":"3","Time":"2017/05/15 13:38"}Audio codec mp3 channels 2 samplerate 44100 bitspersample 16
Subtitle count: 0, state: off, index: 1, delay: 0
have a nice day ;)
Audio codec mp3 channels 2 samplerate 44100 bitspersample 16
Subtitle count: 0, state: off, index: 1, delay: 0
have a nice day ;)
Audio codec mp3 channels 2 samplerate 44100 bitspersample 16
Subtitle count: 0, state: off, index: 1, delay: 0
have a nice day ;)
Audio codec mp3 channels 2 samplerate 44100 bitspersample 16
Subtitle count: 0, state: off, index: 1, delay: 0
have a nice day ;)
Audio codec mp3 channels 2 samplerate 44100 bitspersample 16
Subtitle count: 0, state: off, index: 1, delay: 0
have a nice day ;)
Audio codec mp3 channels 2 samplerate 44100 bitspersample 16
Subtitle count: 0, state: off, index: 1, delay: 0
have a nice day ;)
Audio codec mp3 channels 2 samplerate 44100 bitspersample 16
Subtitle count: 0, state: off, index: 1, delay: 0
have a nice day ;)
Audio codec mp3 channels 2 samplerate 44100 bitspersample 16
Subtitle count: 0, state: off, index: 1, delay: 0
have a nice day ;)
Audio codec mp3 channels 2 samplerate 44100 bitspersample 16
Subtitle count: 0, state: off, index: 1, delay: 0
have a nice day ;)
Audio codec mp3 channels 2 samplerate 44100 bitspersample 16
Subtitle count: 0, state: off, index: 1, delay: 0
have a nice day ;)
Audio codec mp3 channels 2 samplerate 44100 bitspersample 16
Subtitle count: 0, state: off, index: 1, delay: 0
have a nice day ;)
Audio codec mp3 channels 2 samplerate 44100 bitspersample 16
Subtitle count: 0, state: off, index: 1, delay: 0
have a nice day ;)
Audio codec mp3 channels 2 samplerate 44100 bitspersample 16
Subtitle count: 0, state: off, index: 1, delay: 0
have a nice day ;)
Audio codec mp3 channels 2 samplerate 44100 bitspersample 16
Subtitle count: 0, state: off, index: 1, delay: 0
have a nice day ;)
Audio codec mp3 channels 2 samplerate 44100 bitspersample 16
Subtitle count: 0, state: off, index: 1, delay: 0
have a nice day ;)
Audio codec mp3 channels 2 samplerate 44100 bitspersample 16
Subtitle count: 0, state: off, index: 1, delay: 0
have a nice day ;)
Audio codec mp3 channels 2 samplerate 44100 bitspersample 16
Subtitle count: 0, state: off, index: 1, delay: 0
have a nice day ;)
Audio codec mp3 channels 2 samplerate 44100 bitspersample 16
Subtitle count: 0, state: off, index: 1, delay: 0
have a nice day ;)
Audio codec mp3 channels 2 samplerate 44100 bitspersample 16
Subtitle count: 0, state: off, index: 1, delay: 0
have a nice day ;)
Audio codec mp3 channels 2 samplerate 44100 bitspersample 16
Subtitle count: 0, state: off, index: 1, delay: 0
have a nice day ;)
Audio codec mp3 channels 2 samplerate 44100 bitspersample 16
Subtitle count: 0, state: off, index: 1, delay: 0
have a nice day ;)
Audio codec mp3 channels 2 samplerate 44100 bitspersample 16
Subtitle count: 0, state: off, index: 1, delay: 0
have a nice day ;)
Audio codec mp3 channels 2 samplerate 44100 bitspersample 16
Subtitle count: 0, state: off, index: 1, delay: 0
have a nice day ;)
Audio codec mp3 channels 2 samplerate 44100 bitspersample 16
Subtitle count: 0, state: off, index: 1, delay: 0
have a nice day ;)
Audio codec mp3 channels 2 samplerate 44100 bitspersample 16
Subtitle count: 0, state: off, index: 1, delay: 0
have a nice day ;)
Audio codec mp3 channels 2 samplerate 44100 bitspersample 16
Subtitle count: 0, state: off, index: 1, delay: 0
have a nice day ;)
Audio codec mp3 channels 2 samplerate 44100 bitspersample 16
Subtitle count: 0, state: off, index: 1, delay: 0
have a nice day ;)
Audio codec mp3 channels 2 samplerate 44100 bitspersample 16
Subtitle count: 0, state: off, index: 1, delay: 0
have a nice day ;)
Audio codec mp3 channels 2 samplerate 44100 bitspersample 16
Subtitle count: 0, state: off, index: 1, delay: 0
have a nice day ;)
Audio codec mp3 channels 2 samplerate 44100 bitspersample 16
Subtitle count: 0, state: off, index: 1, delay: 0
have a nice day ;)
Audio codec mp3 channels 2 samplerate 44100 bitspersample 16
Subtitle count: 0, state: off, index: 1, delay: 0
have a nice day ;)
Audio codec mp3 channels 2 samplerate 44100 bitspersample 16
Subtitle count: 0, state: off, index: 1, delay: 0
have a nice day ;)
Audio codec mp3 channels 2 samplerate 44100 bitspersample 16
Subtitle count: 0, state: off, index: 1, delay: 0
have a nice day ;)
Audio codec mp3 channels 2 samplerate 44100 bitspersample 16
Subtitle count: 0, state: off, index: 1, delay: 0
have a nice day ;)
Audio codec mp3 channels 2 samplerate 44100 bitspersample 16
Subtitle count: 0, state: off, index: 1, delay: 0
have a nice day ;)
Audio codec mp3 channels 2 samplerate 44100 bitspersample 16
Subtitle count: 0, state: off, index: 1, delay: 0
have a nice day ;)

Time:2017/05/15 13:38  EmpNo:200154  EmpCName:楊敏娟 DeptNo:PM0240
Received: {"EmpCName":"黃慶鴻","DeptNo":"MA0170","EmpNo":"200325","Uid":"3000e2008181810602550710cf21","TagType":"E","Pepole":"1","Time":"2017/05/15 13:41"}
Time:2017/05/15 13:41  EmpNo:200325  EmpCName:黃慶鴻 DeptNo:MA0170
Received: {"EmpCName":"張延凱","DeptNo":"AT0130","EmpNo":"200280","Uid":"3000e2003028630c01161900500d","TagType":"E","People":"1","Time":"2017/05/15 13:43"}
Time:2017/05/15 13:43  EmpNo:200280  EmpCName:張延凱 DeptNo:AT0130
Received: {"EmpCName":"李麗秋","DeptNo":"AT0110","EmpNo":"A20031","Uid":"3000e2008181810602550990b369","TagType":"E","People":"1","Time":"2017/05/15 13:45"}
Time:2017/05/15 13:45  EmpNo:A20031  EmpCName:李麗秋 DeptNo:AT0110
Received: {"EmpCName":"曾成訓","DeptNo":"AT0130","EmpNo":"200334","Uid":"3000e2005011040f01011740613f","TagType":"E","People":"1","Time":"2017/05/15 13:45"}
Time:2017/05/15 13:45  EmpNo:200334  EmpCName:曾成訓 DeptNo:AT0130
Received: {"EmpCName":"楊敏娟","DeptNo":"PM0240","EmpNo":"200154","Uid":"3000e2008181810602540930bb9f","TagType":"E","People":"3","Time":"2017/05/15 13:45"}
Time:2017/05/15 13:45  EmpNo:200154  EmpCName:楊敏娟 DeptNo:PM0240
Received: {"EmpCName":"楊敏娟","DeptNo":"PM0240","EmpNo":"200154","Uid":"3000e2008181810602540930bb9f","TagType":"E","People":"3","Time":"2017/05/15 13:45"}
Time:2017/05/15 13:45  EmpNo:200154  EmpCName:楊敏娟 DeptNo:PM0240
Received: {"EmpCName":"楊敏娟","DeptNo":"PM0240","EmpNo":"200154","Uid":"3000e2008181810602540930bb9f","TagType":"E","People":"3","Time":"2017/05/15 13:45"}
Time:2017/05/15 13:45  EmpNo:200154  EmpCName:楊敏娟 DeptNo:PM0240
Received: {"EmpCName":"楊敏娟","DeptNo":"PM0240","EmpNo":"200154","Uid":"3000e2008181810602540930bb9f","TagType":"E","People":"3","Time":"2017/05/15 13:45"}
Time:2017/05/15 13:45  EmpNo:200154  EmpCName:楊敏娟 DeptNo:PM0240
Received: {"EmpCName":"楊敏娟","DeptNo":"PM0240","EmpNo":"200154","Uid":"3000e2008181810602540930bb9f","TagType":"E","People":"3","Time":"2017/05/15 13:45"}
Time:2017/05/15 13:45  EmpNo:200154  EmpCName:楊敏娟 DeptNo:PM0240
Received: {"EmpCName":"楊敏娟","DeptNo":"PM0240","EmpNo":"200154","Uid":"3000e2008181810602540930bb9f","TagType":"E","People":"3","Time":"2017/05/15 13:45"}
Time:2017/05/15 13:45  EmpNo:200154  EmpCName:楊敏娟 DeptNo:PM0240
Received: {"EmpCName":"楊敏娟","DeptNo":"PM0240","EmpNo":"200154","Uid":"3000e2008181810602540930bb9f","TagType":"E","People":"3","Time":"2017/05/15 13:45"}
Time:2017/05/15 13:45  EmpNo:200154  EmpCName:楊敏娟 DeptNo:PM0240
Received: {"EmpCName":"楊敏娟","DeptNo":"PM0240","EmpNo":"200154","Uid":"3000e2008181810602540930bb9f","TagType":"E","People":"3","Time":"2017/05/15 13:45"}
Time:2017/05/15 13:45  EmpNo:200154  EmpCName:楊敏娟 DeptNo:PM0240
Received: {"EmpCName":"張延凱","DeptNo":"AT0130","EmpNo":"200280","Uid":"3000e2003028630c01161900500d","TagType":"E","People":"1","Time":"2017/05/15 13:49"}
Time:2017/05/15 13:49  EmpNo:200280  EmpCName:張延凱 DeptNo:AT0130
Received: {"EmpCName":"楊敏娟","DeptNo":"PM0240","EmpNo":"200154","Uid":"3000e2008181810602540930bb9f","TagType":"E","People":"3","Time":"2017/05/15 13:49"}
Time:2017/05/15 13:49  EmpNo:200154  EmpCName:楊敏娟 DeptNo:PM0240
Received: {"EmpCName":"李麗秋","DeptNo":"AT0110","EmpNo":"A20031","Uid":"3000e2008181810602550990b369","TagType":"E","People":"3","Time":"2017/05/15 13:49"}
Time:2017/05/15 13:49  EmpNo:A20031  EmpCName:李麗秋 DeptNo:AT0110
Received: {"EmpCName":"楊敏娟","DeptNo":"PM0240","EmpNo":"200154","Uid":"3000e2008181810602540930bb9f","TagType":"E","People":"3","Time":"2017/05/15 13:49"}
Time:2017/05/15 13:49  EmpNo:200154  EmpCName:楊敏娟 DeptNo:PM0240
Received: {"EmpCName":"楊敏娟","DeptNo":"PM0240","EmpNo":"200154","Uid":"3000e2008181810602540930bb9f","TagType":"E","People":"3","Time":"2017/05/15 13:49"}
Time:2017/05/15 13:49  EmpNo:200154  EmpCName:楊敏娟 DeptNo:PM0240
Received: {"EmpCName":"楊敏娟","DeptNo":"PM0240","EmpNo":"200154","Uid":"3000e2008181810602540930bb9f","TagType":"E","People":"3","Time":"2017/05/15 13:49"}
Time:2017/05/15 13:49  EmpNo:200154  EmpCName:楊敏娟 DeptNo:PM0240
Received: {"EmpCName":"張延凱","DeptNo":"AT0130","EmpNo":"200280","Uid":"3000e2003028630c01161900500d","TagType":"E","People":"1","Time":"2017/05/15 13:51"}
Time:2017/05/15 13:51  EmpNo:200280  EmpCName:張延凱 DeptNo:AT0130
rc: 0
Subscribed: 2 (0,)
Received: {"EmpCName":"張延凱","DeptNo":"AT0130","EmpNo":"200280","Uid":"3000e2003028630c01161900500d","TagType":"E","People":"3","Time":"2017/05/15 14:02"}
Time:2017/05/15 14:02  EmpNo:200280  EmpCName:張延凱 DeptNo:AT0130
Received: {"EmpCName":"楊敏娟","DeptNo":"PM0240","EmpNo":"200154","Uid":"3000e2008181810602540930bb9f","TagType":"E","People":"3","Time":"2017/05/15 14:02"}
Time:2017/05/15 14:02  EmpNo:200154  EmpCName:楊敏娟 DeptNo:PM0240
Received: {"EmpCName":"張延凱","DeptNo":"AT0130","EmpNo":"200280","Uid":"3000e2003028630c01161900500d","TagType":"E","People":"3","Time":"2017/05/15 14:02"}
Time:2017/05/15 14:02  EmpNo:200280  EmpCName:張延凱 DeptNo:AT0130
Received: {"EmpCName":"楊敏娟","DeptNo":"PM0240","EmpNo":"200154","Uid":"3000e2008181810602540930bb9f","TagType":"E","People":"3","Time":"2017/05/15 14:02"}
Time:2017/05/15 14:02  EmpNo:200154  EmpCName:楊敏娟 DeptNo:PM0240
Received: {"EmpCName":"張延凱","DeptNo":"AT0130","EmpNo":"200280","Uid":"3000e2003028630c01161900500d","TagType":"E","People":"3","Time":"2017/05/15 14:02"}
Time:2017/05/15 14:02  EmpNo:200280  EmpCName:張延凱 DeptNo:AT0130
Received: {"EmpCName":"楊敏娟","DeptNo":"PM0240","EmpNo":"200154","Uid":"3000e2008181810602540930bb9f","TagType":"E","People":"3","Time":"2017/05/15 14:02"}
Time:2017/05/15 14:02  EmpNo:200154  EmpCName:楊敏娟 DeptNo:PM0240
Received: {"EmpCName":"張延凱","DeptNo":"AT0130","EmpNo":"200280","Uid":"3000e2003028630c01161900500d","TagType":"E","People":"3","Time":"2017/05/15 14:02"}
Time:2017/05/15 14:02  EmpNo:200280  EmpCName:張延凱 DeptNo:AT0130
Received: {"EmpCName":"楊敏娟","DeptNo":"PM0240","EmpNo":"200154","Uid":"3000e2008181810602540930bb9f","TagType":"E","People":"3","Time":"2017/05/15 14:02"}
Time:2017/05/15 14:02  EmpNo:200154  EmpCName:楊敏娟 DeptNo:PM0240
Received: {"EmpCName":"張延凱","DeptNo":"AT0130","EmpNo":"200280","Uid":"3000e2003028630c01161900500d","TagType":"E","People":"3","Time":"2017/05/15 14:02"}
Time:2017/05/15 14:02  EmpNo:200280  EmpCName:張延凱 DeptNo:AT0130
Received: {"EmpCName":"楊敏娟","DeptNo":"PM0240","EmpNo":"200154","Uid":"3000e2008181810602540930bb9f","TagType":"E","People":"3","Time":"2017/05/15 14:02"}
Time:2017/05/15 14:02  EmpNo:200154  EmpCName:楊敏娟 DeptNo:PM0240
Received: {"EmpCName":"張延凱","DeptNo":"AT0130","EmpNo":"200280","Uid":"3000e2003028630c01161900500d","TagType":"E","People":"3","Time":"2017/05/15 14:02"}
Time:2017/05/15 14:02  EmpNo:200280  EmpCName:張延凱 DeptNo:AT0130
Received: {"EmpCName":"楊敏娟","DeptNo":"PM0240","EmpNo":"200154","Uid":"3000e2008181810602540930bb9f","TagType":"E","People":"3","Time":"2017/05/15 14:02"}
Time:2017/05/15 14:02  EmpNo:200154  EmpCName:楊敏娟 DeptNo:PM0240
Received: {"EmpCName":"張延凱","DeptNo":"AT0130","EmpNo":"200280","Uid":"3000e2003028630c01161900500d","TagType":"E","People":"2","Time":"2017/05/15 14:02"}
Time:2017/05/15 14:02  EmpNo:200280  EmpCName:張延凱 DeptNo:AT0130
Received: {"EmpCName":"楊敏娟","DeptNo":"PM0240","EmpNo":"200154","Uid":"3000e2008181810602540930bb9f","TagType":"E","People":"2","Time":"2017/05/15 14:02"}
Time:2017/05/15 14:02  EmpNo:200154  EmpCName:楊敏娟 DeptNo:PM0240
Received: {"EmpCName":"張延凱","DeptNo":"AT0130","EmpNo":"200280","Uid":"3000e2003028630c01161900500d","TagType":"E","People":"1","Time":"2017/05/15 14:02"}
Time:2017/05/15 14:02  EmpNo:200280  EmpCName:張延凱 DeptNo:AT0130
Received: {"EmpCName":"鍾戌彥","DeptNo":"DE0110","EmpNo":"200348","Uid":"3000e2008181810602550770cb5f","TagType":"E","People":"1","Time":"2017/05/15 14:02"}
Time:2017/05/15 14:02  EmpNo:200348  EmpCName:鍾戌彥 DeptNo:DE0110
Received: {"EmpCName":"曾成訓","DeptNo":"AT0130","EmpNo":"200334","Uid":"3000e2005011040f01011740613f","TagType":"E","People":"1","Time":"2017/05/15 14:02"}Audio codec mp3 channels 2 samplerate 44100 bitspersample 16
Subtitle count: 0, state: off, index: 1, delay: 0
have a nice day ;)
Audio codec mp3 channels 1 samplerate 16000 bitspersample 16
Subtitle count: 0, state: off, index: 1, delay: 0
have a nice day ;)
Audio codec mp3 channels 1 samplerate 16000 bitspersample 16
Subtitle count: 0, state: off, index: 1, delay: 0
have a nice day ;)
